[2024/05/12 23:04:34.188] - Starting server with initial configuration: {"gasLimit":6721975,"gasPrice":20000000000,"hardfork":"merge","hostname":"127.0.0.1","port":7545,"network_id":5777,"default_balance_ether":100,"total_accounts":10,"unlocked_accounts":[],"locked":false,"vmErrorsOnRPCResponse":true,"verbose":false,"flavor":"ethereum","db_path":"C:\\Users\\sobii\\AppData\\Roaming\\Ganache\\ui\\workspaces\\dramatic-exchange\\chaindata","mnemonic":"bus favorite three slice start clock flush label such lumber hollow sphere","logDirectory":"C:\\Users\\sobii\\Fintech\\Final Project\\Ethereum-Project-main"}
[2024/05/12 23:04:34.513] - eth_subscribe
[2024/05/12 23:04:34.521] - eth_getLogs
[2024/05/12 23:04:34.524] - eth_subscribe
[2024/05/12 23:04:34.639] - eth_subscribe
[2024/05/12 23:04:34.642] - eth_getLogs
[2024/05/12 23:04:34.644] - eth_subscribe
[2024/05/12 23:04:34.780] - eth_getBlockByNumber
[2024/05/12 23:04:34.783] - eth_subscribe
[2024/05/12 23:04:34.787] - eth_blockNumber
[2024/05/12 23:04:34.790] - eth_accounts
[2024/05/12 23:04:34.793] - eth_gasPrice
[2024/05/12 23:04:34.795] - eth_getBlockByNumber
[2024/05/12 23:04:34.797] - eth_subscribe
[2024/05/12 23:04:34.800] - eth_blockNumber
[2024/05/12 23:04:34.801] - eth_accounts
[2024/05/12 23:04:34.830] - eth_gasPrice
[2024/05/12 23:04:35.021] - eth_getBalance
[2024/05/12 23:04:35.037] - eth_getTransactionCount
[2024/05/12 23:04:35.046] - eth_getBalance
[2024/05/12 23:04:35.055] - eth_getTransactionCount
[2024/05/12 23:04:35.076] - eth_getBalance
[2024/05/12 23:04:35.096] - eth_getTransactionCount
[2024/05/12 23:04:35.107] - eth_getBalance
[2024/05/12 23:04:35.120] - eth_getTransactionCount
[2024/05/12 23:04:35.132] - eth_getBalance
[2024/05/12 23:04:35.143] - eth_getTransactionCount
[2024/05/12 23:04:35.153] - eth_getBalance
[2024/05/12 23:04:35.163] - eth_getTransactionCount
[2024/05/12 23:04:35.171] - eth_getBalance
[2024/05/12 23:04:35.182] - eth_getTransactionCount
[2024/05/12 23:04:35.190] - eth_getBalance
[2024/05/12 23:04:35.197] - eth_getTransactionCount
[2024/05/12 23:04:35.206] - eth_getBalance
[2024/05/12 23:04:35.216] - eth_getTransactionCount
[2024/05/12 23:04:35.225] - eth_getBalance
[2024/05/12 23:04:35.243] - eth_getTransactionCount
[2024/05/12 23:04:35.252] - eth_getBalance
[2024/05/12 23:04:35.265] - eth_getTransactionCount
[2024/05/12 23:04:35.279] - eth_getBalance
[2024/05/12 23:04:35.287] - eth_getTransactionCount
[2024/05/12 23:04:35.297] - eth_getBalance
[2024/05/12 23:04:35.310] - eth_getTransactionCount
[2024/05/12 23:04:35.318] - eth_getBalance
[2024/05/12 23:04:35.331] - eth_getTransactionCount
[2024/05/12 23:04:35.342] - eth_getBalance
[2024/05/12 23:04:35.354] - eth_getTransactionCount
[2024/05/12 23:04:35.364] - eth_getBalance
[2024/05/12 23:04:35.377] - eth_getTransactionCount
[2024/05/12 23:04:35.387] - eth_getBalance
[2024/05/12 23:04:35.395] - eth_getTransactionCount
[2024/05/12 23:04:35.408] - eth_getBalance
[2024/05/12 23:04:35.422] - eth_getTransactionCount
[2024/05/12 23:04:35.431] - eth_getBalance
[2024/05/12 23:04:35.445] - eth_getTransactionCount
[2024/05/12 23:04:35.459] - eth_getBalance
[2024/05/12 23:04:35.469] - eth_getTransactionCount
[2024/05/12 23:04:35.479] - eth_getBalance
[2024/05/12 23:04:35.490] - eth_getTransactionCount
[2024/05/12 23:04:35.498] - eth_getBalance
[2024/05/12 23:04:35.509] - eth_getTransactionCount
[2024/05/12 23:04:35.522] - eth_getBalance
[2024/05/12 23:04:35.530] - eth_getTransactionCount
[2024/05/12 23:04:35.542] - eth_getBalance
[2024/05/12 23:04:35.550] - eth_getTransactionCount
[2024/05/12 23:04:35.558] - eth_getBalance
[2024/05/12 23:04:35.566] - eth_getTransactionCount
[2024/05/12 23:04:35.582] - eth_getBalance
[2024/05/12 23:04:35.596] - eth_getTransactionCount
[2024/05/12 23:04:35.609] - eth_getBalance
[2024/05/12 23:04:35.624] - eth_getTransactionCount
[2024/05/12 23:04:35.639] - eth_getBalance
[2024/05/12 23:04:35.654] - eth_getTransactionCount
[2024/05/12 23:04:35.664] - eth_getBalance
[2024/05/12 23:04:35.674] - eth_getTransactionCount
[2024/05/12 23:04:35.687] - eth_getBalance
[2024/05/12 23:04:35.695] - eth_getTransactionCount
[2024/05/12 23:04:35.795] - eth_getBalance
[2024/05/12 23:04:35.816] - eth_getTransactionCount
[2024/05/12 23:04:35.839] - eth_getBalance
[2024/05/12 23:04:35.860] - eth_getTransactionCount
[2024/05/12 23:04:35.871] - eth_getBalance
[2024/05/12 23:04:35.881] - eth_getTransactionCount
[2024/05/12 23:04:35.896] - eth_getBalance
[2024/05/12 23:04:35.913] - eth_getTransactionCount
[2024/05/12 23:04:35.923] - eth_getBalance
[2024/05/12 23:04:35.935] - eth_getTransactionCount
[2024/05/12 23:04:35.949] - eth_getBalance
[2024/05/12 23:04:35.964] - eth_getTransactionCount
[2024/05/12 23:04:35.983] - eth_getBalance
[2024/05/12 23:04:36.000] - eth_getTransactionCount
[2024/05/12 23:04:36.012] - eth_getBalance
[2024/05/12 23:04:36.029] - eth_getTransactionCount
[2024/05/12 23:04:36.043] - eth_getBalance
[2024/05/12 23:04:36.053] - eth_getTransactionCount
[2024/05/12 23:04:36.064] - eth_getBalance
[2024/05/12 23:04:36.081] - eth_getTransactionCount
[2024/05/12 23:05:31.973] - web3_clientVersion
[2024/05/12 23:05:32.050] - eth_chainId
[2024/05/12 23:05:32.059] - eth_call
[2024/05/12 23:05:32.104] - eth_getCode
[2024/05/12 23:05:32.447] - web3_clientVersion
[2024/05/12 23:05:32.482] - eth_chainId
[2024/05/12 23:05:32.491] - eth_call
[2024/05/12 23:05:32.511] - eth_getCode
[2024/05/12 23:05:40.791] - web3_clientVersion
[2024/05/12 23:05:40.829] - eth_chainId
[2024/05/12 23:05:40.837] - eth_call
[2024/05/12 23:05:40.853] - eth_getCode
[2024/05/12 23:05:43.886] - web3_clientVersion
[2024/05/12 23:05:43.926] - eth_chainId
[2024/05/12 23:05:43.933] - eth_call
[2024/05/12 23:05:43.946] - eth_getCode
[2024/05/12 23:05:51.981] - web3_clientVersion
[2024/05/12 23:05:52.028] - eth_chainId
[2024/05/12 23:05:52.040] - eth_call
[2024/05/12 23:05:52.062] - eth_getCode
[2024/05/12 23:05:55.296] - web3_clientVersion
[2024/05/12 23:05:55.345] - eth_chainId
[2024/05/12 23:05:55.355] - eth_call
[2024/05/12 23:05:55.368] - eth_getCode
[2024/05/12 23:05:56.608] - web3_clientVersion
[2024/05/12 23:05:56.651] - eth_chainId
[2024/05/12 23:05:56.662] - eth_call
[2024/05/12 23:05:56.676] - eth_getCode
[2024/05/12 23:05:56.694] - eth_accounts
[2024/05/12 23:05:56.706] - eth_getBlockByNumber
[2024/05/12 23:05:56.715] - eth_chainId
[2024/05/12 23:05:56.732] - eth_chainId
[2024/05/12 23:05:56.741] - eth_estimateGas
[2024/05/12 23:05:56.774] - eth_blockNumber
[2024/05/12 23:05:56.779] - eth_getBlockByNumber
[2024/05/12 23:05:56.789] - eth_sendTransaction
[2024/05/12 23:05:56.842] - 
  Transaction: 0x5992dac410be5d66c70557fe999207e05b02eabf503675afd2f200eeb4a8299a
  Gas usage: 21748
  Block number: 1
  Block time: Sun May 12 2024 23:05:56 GMT+0530 (India Standard Time)

[2024/05/12 23:05:56.861] - eth_getBlockByNumber
[2024/05/12 23:05:56.899] - eth_getBalance
[2024/05/12 23:05:56.935] - eth_getTransactionCount
[2024/05/12 23:05:56.967] - eth_getBalance
[2024/05/12 23:05:56.990] - eth_getTransactionCount
[2024/05/12 23:05:57.016] - eth_getBalance
[2024/05/12 23:05:57.036] - eth_getTransactionCount
[2024/05/12 23:05:57.051] - eth_getBalance
[2024/05/12 23:05:57.064] - eth_getTransactionCount
[2024/05/12 23:05:57.077] - eth_getBalance
[2024/05/12 23:05:57.086] - eth_getTransactionCount
[2024/05/12 23:05:57.094] - eth_getBalance
[2024/05/12 23:05:57.105] - eth_getTransactionCount
[2024/05/12 23:05:57.114] - eth_getBalance
[2024/05/12 23:05:57.124] - eth_getTransactionCount
[2024/05/12 23:05:57.133] - eth_getBalance
[2024/05/12 23:05:57.144] - eth_getTransactionCount
[2024/05/12 23:05:57.154] - eth_getBalance
[2024/05/12 23:05:57.161] - eth_getTransactionCount
[2024/05/12 23:05:57.176] - eth_getBalance
[2024/05/12 23:05:57.186] - eth_getTransactionCount
[2024/05/12 23:06:08.642] - eth_getBlockByNumber
[2024/05/12 23:06:08.700] - eth_getTransactionReceipt
[2024/05/12 23:06:08.737] - eth_getBlockByNumber
[2024/05/12 23:06:16.531] - web3_clientVersion
[2024/05/12 23:06:16.577] - eth_chainId
[2024/05/12 23:06:16.588] - eth_call
[2024/05/12 23:06:16.615] - eth_getCode
[2024/05/12 23:06:19.522] - web3_clientVersion
[2024/05/12 23:06:19.555] - eth_chainId
[2024/05/12 23:06:19.564] - eth_call
[2024/05/12 23:06:19.584] - eth_getCode
[2024/05/12 23:06:27.102] - web3_clientVersion
[2024/05/12 23:06:27.137] - eth_chainId
[2024/05/12 23:06:27.144] - eth_call
[2024/05/12 23:06:27.165] - eth_getCode
[2024/05/12 23:06:27.181] - eth_accounts
[2024/05/12 23:06:27.195] - eth_getBlockByNumber
[2024/05/12 23:06:27.202] - eth_chainId
[2024/05/12 23:06:27.212] - eth_chainId
[2024/05/12 23:06:27.221] - eth_estimateGas
[2024/05/12 23:06:27.251] - eth_blockNumber
[2024/05/12 23:06:27.256] - eth_getBlockByNumber
[2024/05/12 23:06:27.262] - eth_sendTransaction
[2024/05/12 23:06:27.279] - 
  Transaction: 0x05014fbb0b509019cbb2d5be75a9b21f03a3e90de75e8ed362063efb1bc7d466
  Gas usage: 21064
  Block number: 2
  Block time: Sun May 12 2024 23:06:27 GMT+0530 (India Standard Time)

[2024/05/12 23:06:27.284] - eth_getBlockByNumber
[2024/05/12 23:06:27.328] - eth_getBlockByNumber
[2024/05/12 23:06:27.345] - eth_getBalance
[2024/05/12 23:06:27.354] - eth_getTransactionCount
[2024/05/12 23:06:27.361] - eth_getBalance
[2024/05/12 23:06:27.372] - eth_getTransactionCount
[2024/05/12 23:06:27.381] - eth_getBalance
[2024/05/12 23:06:27.390] - eth_getTransactionCount
[2024/05/12 23:06:27.402] - eth_getBalance
[2024/05/12 23:06:27.411] - eth_getTransactionCount
[2024/05/12 23:06:27.421] - eth_getBalance
[2024/05/12 23:06:27.431] - eth_getTransactionCount
[2024/05/12 23:06:27.446] - eth_getBalance
[2024/05/12 23:06:27.454] - eth_getTransactionCount
[2024/05/12 23:06:27.463] - eth_getBalance
[2024/05/12 23:06:27.477] - eth_getTransactionCount
[2024/05/12 23:06:27.491] - eth_getBalance
[2024/05/12 23:06:27.505] - eth_getTransactionCount
[2024/05/12 23:06:27.511] - eth_getBalance
[2024/05/12 23:06:27.523] - eth_getTransactionCount
[2024/05/12 23:06:27.529] - eth_getBalance
[2024/05/12 23:06:27.537] - eth_getTransactionCount
[2024/05/12 23:06:27.560] - eth_getTransactionReceipt
[2024/05/12 23:06:36.286] - web3_clientVersion
[2024/05/12 23:06:36.327] - eth_chainId
[2024/05/12 23:06:36.334] - eth_call
[2024/05/12 23:06:36.346] - eth_getCode
[2024/05/12 23:06:36.364] - eth_accounts
[2024/05/12 23:06:36.376] - eth_getBlockByNumber
[2024/05/12 23:06:36.382] - eth_chainId
[2024/05/12 23:06:36.394] - eth_chainId
[2024/05/12 23:06:36.401] - eth_estimateGas
[2024/05/12 23:06:36.425] - eth_blockNumber
[2024/05/12 23:06:36.431] - eth_getBlockByNumber
[2024/05/12 23:06:36.437] - eth_sendTransaction
[2024/05/12 23:06:36.459] - 
  Transaction: 0xcc9ab7738d059d062981354661f7fedefe69e6222c6976b53ab6d21f48158d2d
  Gas usage: 21064
  Block number: 3
  Block time: Sun May 12 2024 23:06:36 GMT+0530 (India Standard Time)

[2024/05/12 23:06:36.463] - eth_getBlockByNumber
[2024/05/12 23:06:36.495] - eth_getBlockByNumber
[2024/05/12 23:06:36.514] - eth_getBalance
[2024/05/12 23:06:36.521] - eth_getTransactionCount
[2024/05/12 23:06:36.531] - eth_getBalance
[2024/05/12 23:06:36.544] - eth_getTransactionCount
[2024/05/12 23:06:36.554] - eth_getBalance
[2024/05/12 23:06:36.567] - eth_getTransactionCount
[2024/05/12 23:06:36.575] - eth_getBalance
[2024/05/12 23:06:36.588] - eth_getTransactionCount
[2024/05/12 23:06:36.598] - eth_getBalance
[2024/05/12 23:06:36.605] - eth_getTransactionCount
[2024/05/12 23:06:36.613] - eth_getBalance
[2024/05/12 23:06:36.621] - eth_getTransactionCount
[2024/05/12 23:06:36.634] - eth_getBalance
[2024/05/12 23:06:36.645] - eth_getTransactionCount
[2024/05/12 23:06:36.652] - eth_getBalance
[2024/05/12 23:06:36.663] - eth_getTransactionCount
[2024/05/12 23:06:36.671] - eth_getBalance
[2024/05/12 23:06:36.679] - eth_getTransactionCount
[2024/05/12 23:06:36.685] - eth_getBalance
[2024/05/12 23:06:36.695] - eth_getTransactionCount
[2024/05/12 23:06:36.742] - eth_getTransactionReceipt
[2024/05/12 23:06:41.941] - web3_clientVersion
[2024/05/12 23:06:41.970] - eth_chainId
[2024/05/12 23:06:41.978] - eth_call
[2024/05/12 23:06:41.990] - eth_getCode
[2024/05/12 23:06:42.223] - web3_clientVersion
[2024/05/12 23:06:42.268] - eth_chainId
[2024/05/12 23:06:42.276] - eth_call
[2024/05/12 23:06:42.300] - eth_getCode
[2024/05/12 23:06:42.328] - eth_accounts
[2024/05/12 23:06:42.345] - eth_getBlockByNumber
[2024/05/12 23:06:42.356] - eth_chainId
[2024/05/12 23:06:42.372] - eth_chainId
[2024/05/12 23:06:42.382] - eth_estimateGas
[2024/05/12 23:06:42.406] - eth_blockNumber
[2024/05/12 23:06:42.412] - eth_getBlockByNumber
[2024/05/12 23:06:42.420] - eth_sendTransaction
[2024/05/12 23:06:42.433] - 
  Transaction: 0xc346179026abf2b7c4229d3a24124a034ff4891c4e75d1e44edcd304430c222f
  Gas usage: 21052
  Block number: 4
  Block time: Sun May 12 2024 23:06:42 GMT+0530 (India Standard Time)

[2024/05/12 23:06:42.437] - eth_getBlockByNumber
[2024/05/12 23:06:42.466] - eth_getBlockByNumber
[2024/05/12 23:06:42.480] - eth_getBalance
[2024/05/12 23:06:42.491] - eth_getTransactionCount
[2024/05/12 23:06:42.503] - eth_getBalance
[2024/05/12 23:06:42.519] - eth_getTransactionCount
[2024/05/12 23:06:42.528] - eth_getBalance
[2024/05/12 23:06:42.536] - eth_getTransactionCount
[2024/05/12 23:06:42.547] - eth_getBalance
[2024/05/12 23:06:42.558] - eth_getTransactionCount
[2024/05/12 23:06:42.571] - eth_getBalance
[2024/05/12 23:06:42.581] - eth_getTransactionCount
[2024/05/12 23:06:42.593] - eth_getBalance
[2024/05/12 23:06:42.603] - eth_getTransactionCount
[2024/05/12 23:06:42.612] - eth_getBalance
[2024/05/12 23:06:42.622] - eth_getTransactionCount
[2024/05/12 23:06:42.631] - eth_getBalance
[2024/05/12 23:06:42.640] - eth_getTransactionCount
[2024/05/12 23:06:42.646] - eth_getBalance
[2024/05/12 23:06:42.654] - eth_getTransactionCount
[2024/05/12 23:06:42.666] - eth_getBalance
[2024/05/12 23:06:42.673] - eth_getTransactionCount
[2024/05/12 23:06:42.704] - eth_getTransactionReceipt
[2024/05/12 23:06:43.904] - eth_getTransactionByHash
[2024/05/12 23:06:43.934] - eth_getTransactionReceipt
[2024/05/12 23:33:17.969] - web3_clientVersion
[2024/05/12 23:33:18.013] - eth_chainId
[2024/05/12 23:33:18.024] - eth_call
[2024/05/12 23:33:18.040] - eth_getCode
[2024/05/12 23:33:18.829] - web3_clientVersion
[2024/05/12 23:33:18.858] - eth_chainId
[2024/05/12 23:33:18.868] - eth_call
[2024/05/12 23:33:18.883] - eth_getCode
[2024/05/13 01:10:32.435] - web3_clientVersion
[2024/05/13 01:10:32.482] - web3_clientVersion
[2024/05/13 01:10:32.542] - eth_chainId
[2024/05/13 01:10:32.565] - eth_call
[2024/05/13 01:10:32.601] - eth_getCode
[2024/05/13 01:10:32.604] - eth_chainId
[2024/05/13 01:10:32.631] - eth_call
[2024/05/13 01:10:32.770] - eth_getCode
[2024/05/13 02:06:55.849] - web3_clientVersion
[2024/05/13 02:06:55.899] - eth_chainId
[2024/05/13 02:06:55.910] - eth_call
[2024/05/13 02:06:55.932] - eth_getCode
[2024/05/13 02:06:56.817] - web3_clientVersion
[2024/05/13 02:06:56.857] - eth_chainId
[2024/05/13 02:06:56.867] - eth_call
[2024/05/13 02:06:56.881] - eth_getCode
[2024/05/13 02:59:57.641] - web3_clientVersion
[2024/05/13 02:59:57.696] - eth_chainId
[2024/05/13 02:59:57.709] - eth_call
[2024/05/13 02:59:57.731] - eth_getCode
[2024/05/13 02:59:58.694] - web3_clientVersion
[2024/05/13 02:59:58.745] - eth_chainId
[2024/05/13 02:59:58.758] - eth_call
[2024/05/13 02:59:58.778] - eth_getCode
[2024/05/13 05:20:14.688] - web3_clientVersion
[2024/05/13 05:20:14.750] - web3_clientVersion
[2024/05/13 05:20:14.782] - eth_chainId
[2024/05/13 05:20:14.810] - eth_call
[2024/05/13 05:20:14.851] - eth_getCode
[2024/05/13 05:20:14.854] - eth_chainId
[2024/05/13 05:20:14.878] - eth_call
[2024/05/13 05:20:15.163] - eth_getCode
[2024/05/13 05:32:08.655] - web3_clientVersion
[2024/05/13 05:32:08.712] - eth_chainId
[2024/05/13 05:32:08.721] - eth_call
[2024/05/13 05:32:08.742] - eth_getCode
[2024/05/13 05:32:08.765] - eth_accounts
[2024/05/13 05:32:08.783] - eth_getBlockByNumber
[2024/05/13 05:32:08.794] - eth_chainId
[2024/05/13 05:32:08.812] - eth_chainId
[2024/05/13 05:32:08.823] - eth_estimateGas
[2024/05/13 05:32:08.849] - eth_blockNumber
[2024/05/13 05:32:08.855] - eth_getBlockByNumber
[2024/05/13 05:32:08.863] - eth_sendTransaction
[2024/05/13 05:32:08.877] - 
  Transaction: 0xe0ca8a4498cc6a7047fb75d9ebe02e74408a2276af3545cea9945c714c25b767
  Gas usage: 21064
  Block number: 5
  Block time: Mon May 13 2024 05:32:08 GMT+0530 (India Standard Time)

[2024/05/13 05:32:08.893] - eth_getBlockByNumber
[2024/05/13 05:32:08.947] - eth_getBalance
[2024/05/13 05:32:08.957] - eth_getTransactionCount
[2024/05/13 05:32:08.973] - eth_getBalance
[2024/05/13 05:32:08.987] - eth_getTransactionCount
[2024/05/13 05:32:09.002] - eth_getBalance
[2024/05/13 05:32:09.022] - eth_getTransactionCount
[2024/05/13 05:32:09.041] - eth_getBalance
[2024/05/13 05:32:09.053] - eth_getTransactionCount
[2024/05/13 05:32:09.062] - eth_getBalance
[2024/05/13 05:32:09.081] - eth_getTransactionCount
[2024/05/13 05:32:09.094] - eth_getBalance
[2024/05/13 05:32:09.111] - eth_getTransactionCount
[2024/05/13 05:32:09.121] - eth_getBalance
[2024/05/13 05:32:09.136] - eth_getTransactionCount
[2024/05/13 05:32:09.150] - eth_getBalance
[2024/05/13 05:32:09.163] - eth_getTransactionCount
[2024/05/13 05:32:09.181] - eth_getBalance
[2024/05/13 05:32:09.191] - eth_getTransactionCount
[2024/05/13 05:32:09.204] - eth_getBalance
[2024/05/13 05:32:09.236] - eth_getTransactionCount
[2024/05/13 05:32:13.079] - web3_clientVersion
[2024/05/13 05:32:13.124] - eth_chainId
[2024/05/13 05:32:13.133] - eth_call
[2024/05/13 05:32:13.157] - eth_getCode
[2024/05/13 05:32:25.463] - web3_clientVersion
[2024/05/13 05:32:25.494] - eth_chainId
[2024/05/13 05:32:25.501] - eth_call
[2024/05/13 05:32:25.513] - eth_getCode
[2024/05/13 05:34:05.927] - web3_clientVersion
[2024/05/13 05:34:05.975] - eth_chainId
[2024/05/13 05:34:05.982] - eth_call
[2024/05/13 05:34:05.997] - eth_getCode
[2024/05/13 05:34:06.016] - eth_accounts
[2024/05/13 05:34:06.031] - eth_getBlockByNumber
[2024/05/13 05:34:06.037] - eth_chainId
[2024/05/13 05:34:06.048] - eth_chainId
[2024/05/13 05:34:06.060] - eth_estimateGas
[2024/05/13 05:34:06.088] - eth_blockNumber
[2024/05/13 05:34:06.094] - eth_getBlockByNumber
[2024/05/13 05:34:06.101] - eth_sendTransaction
[2024/05/13 05:34:06.113] - 
  Transaction: 0x983930845f72d6bfdacc06358a0af269d68c0fdbda29eaf2dbb943e9f8cb3367
  Gas usage: 21064
  Block number: 6
  Block time: Mon May 13 2024 05:34:06 GMT+0530 (India Standard Time)

[2024/05/13 05:34:06.119] - eth_getBlockByNumber
[2024/05/13 05:34:06.141] - eth_getBalance
[2024/05/13 05:34:06.152] - eth_getTransactionCount
[2024/05/13 05:34:06.163] - eth_getBalance
[2024/05/13 05:34:06.171] - eth_getTransactionCount
[2024/05/13 05:34:06.182] - eth_getBalance
[2024/05/13 05:34:06.194] - eth_getTransactionCount
[2024/05/13 05:34:06.206] - eth_getBalance
[2024/05/13 05:34:06.218] - eth_getTransactionCount
[2024/05/13 05:34:06.235] - eth_getBalance
[2024/05/13 05:34:06.247] - eth_getTransactionCount
[2024/05/13 05:34:06.261] - eth_getBalance
[2024/05/13 05:34:06.280] - eth_getTransactionCount
[2024/05/13 05:34:06.294] - eth_getBalance
[2024/05/13 05:34:06.306] - eth_getTransactionCount
[2024/05/13 05:34:06.319] - eth_getBalance
[2024/05/13 05:34:06.333] - eth_getTransactionCount
[2024/05/13 05:34:06.345] - eth_getBalance
[2024/05/13 05:34:06.355] - eth_getTransactionCount
[2024/05/13 05:34:06.367] - eth_getBalance
[2024/05/13 05:34:06.375] - eth_getTransactionCount
[2024/05/13 05:34:09.865] - web3_clientVersion
[2024/05/13 05:34:09.895] - eth_chainId
[2024/05/13 05:34:09.903] - eth_call
[2024/05/13 05:34:09.915] - eth_getCode
[2024/05/13 05:34:09.930] - eth_accounts
[2024/05/13 05:34:09.941] - eth_getBlockByNumber
[2024/05/13 05:34:09.950] - eth_chainId
[2024/05/13 05:34:09.966] - eth_chainId
[2024/05/13 05:34:09.975] - eth_estimateGas
[2024/05/13 05:34:09.999] - eth_blockNumber
[2024/05/13 05:34:10.005] - eth_getBlockByNumber
[2024/05/13 05:34:10.011] - eth_sendTransaction
[2024/05/13 05:34:10.024] - 
  Transaction: 0xf8b4a01a0c7703f7bd51ac3f7f161feeeb9b7c16b7962d6e3f581287efed02d6
  Gas usage: 21064
  Block number: 7
  Block time: Mon May 13 2024 05:34:10 GMT+0530 (India Standard Time)

[2024/05/13 05:34:10.029] - eth_getBlockByNumber
[2024/05/13 05:34:10.049] - eth_getBalance
[2024/05/13 05:34:10.063] - eth_getTransactionCount
[2024/05/13 05:34:10.072] - eth_getBalance
[2024/05/13 05:34:10.082] - eth_getTransactionCount
[2024/05/13 05:34:10.092] - eth_getBalance
[2024/05/13 05:34:10.103] - eth_getTransactionCount
[2024/05/13 05:34:10.111] - eth_getBalance
[2024/05/13 05:34:10.120] - eth_getTransactionCount
[2024/05/13 05:34:10.138] - eth_getBalance
[2024/05/13 05:34:10.148] - eth_getTransactionCount
[2024/05/13 05:34:10.159] - eth_getBalance
[2024/05/13 05:34:10.172] - eth_getTransactionCount
[2024/05/13 05:34:10.183] - eth_getBalance
[2024/05/13 05:34:10.193] - eth_getTransactionCount
[2024/05/13 05:34:10.206] - eth_getBalance
[2024/05/13 05:34:10.215] - eth_getTransactionCount
[2024/05/13 05:34:10.223] - eth_getBalance
[2024/05/13 05:34:10.231] - eth_getTransactionCount
[2024/05/13 05:34:10.241] - eth_getBalance
[2024/05/13 05:34:10.248] - eth_getTransactionCount
[2024/05/13 05:34:24.551] - web3_clientVersion
[2024/05/13 05:34:24.584] - eth_chainId
[2024/05/13 05:34:24.594] - eth_call
[2024/05/13 05:34:24.607] - eth_getCode
[2024/05/13 05:34:24.760] - web3_clientVersion
[2024/05/13 05:34:24.806] - eth_chainId
[2024/05/13 05:34:24.817] - eth_call
[2024/05/13 05:34:24.833] - eth_getCode
[2024/05/13 05:34:24.850] - eth_accounts
[2024/05/13 05:34:24.866] - eth_getBlockByNumber
[2024/05/13 05:34:24.878] - eth_chainId
[2024/05/13 05:34:24.889] - eth_chainId
[2024/05/13 05:34:24.902] - eth_estimateGas
[2024/05/13 05:34:24.926] - eth_blockNumber
[2024/05/13 05:34:24.939] - eth_getBlockByNumber
[2024/05/13 05:34:24.952] - eth_sendTransaction
[2024/05/13 05:34:24.973] - 
  Transaction: 0xc40c2bc583b977ff95369c398ced4b5cf8b558af965310b4cd541e7277d461f0
  Gas usage: 21052
  Block number: 8
  Block time: Mon May 13 2024 05:34:24 GMT+0530 (India Standard Time)

[2024/05/13 05:34:24.982] - eth_getBlockByNumber
[2024/05/13 05:34:25.055] - eth_getBalance
[2024/05/13 05:34:25.073] - eth_getTransactionCount
[2024/05/13 05:34:25.085] - eth_getBalance
[2024/05/13 05:34:25.173] - eth_getTransactionCount
[2024/05/13 05:34:25.205] - eth_getBalance
[2024/05/13 05:34:25.218] - eth_getTransactionCount
[2024/05/13 05:34:25.228] - eth_getBalance
[2024/05/13 05:34:25.241] - eth_getTransactionCount
[2024/05/13 05:34:25.254] - eth_getBalance
[2024/05/13 05:34:25.265] - eth_getTransactionCount
[2024/05/13 05:34:25.280] - eth_getBalance
[2024/05/13 05:34:25.295] - eth_getTransactionCount
[2024/05/13 05:34:25.307] - eth_getBalance
[2024/05/13 05:34:25.322] - eth_getTransactionCount
[2024/05/13 05:34:25.337] - eth_getBalance
[2024/05/13 05:34:25.347] - eth_getTransactionCount
[2024/05/13 05:34:25.357] - eth_getBalance
[2024/05/13 05:34:25.366] - eth_getTransactionCount
[2024/05/13 05:34:25.377] - eth_getBalance
[2024/05/13 05:34:25.386] - eth_getTransactionCount
[2024/05/13 05:34:37.932] - web3_clientVersion
[2024/05/13 05:34:37.965] - eth_chainId
[2024/05/13 05:34:37.972] - eth_call
[2024/05/13 05:34:37.984] - eth_getCode
[2024/05/13 05:34:42.174] - web3_clientVersion
[2024/05/13 05:34:42.214] - eth_chainId
[2024/05/13 05:34:42.221] - eth_call
[2024/05/13 05:34:42.232] - eth_getCode
[2024/05/13 05:34:42.249] - eth_accounts
[2024/05/13 05:34:42.262] - eth_getBlockByNumber
[2024/05/13 05:34:42.268] - eth_chainId
[2024/05/13 05:34:42.283] - eth_chainId
[2024/05/13 05:34:42.295] - eth_estimateGas
[2024/05/13 05:34:42.319] - eth_blockNumber
[2024/05/13 05:34:42.325] - eth_getBlockByNumber
[2024/05/13 05:34:42.330] - eth_sendTransaction
[2024/05/13 05:34:42.345] - 
  Transaction: 0x4add164bc914184c64e5722d7fc1ea72b338903f76329bdd61c8b85f7446fdc1
  Gas usage: 21064
  Block number: 9
  Block time: Mon May 13 2024 05:34:42 GMT+0530 (India Standard Time)

[2024/05/13 05:34:42.350] - eth_getBlockByNumber
[2024/05/13 05:34:42.376] - eth_getBalance
[2024/05/13 05:34:42.387] - eth_getTransactionCount
[2024/05/13 05:34:42.397] - eth_getBalance
[2024/05/13 05:34:42.405] - eth_getTransactionCount
[2024/05/13 05:34:42.415] - eth_getBalance
[2024/05/13 05:34:42.428] - eth_getTransactionCount
[2024/05/13 05:34:42.437] - eth_getBalance
[2024/05/13 05:34:42.448] - eth_getTransactionCount
[2024/05/13 05:34:42.465] - eth_getBalance
[2024/05/13 05:34:42.475] - eth_getTransactionCount
[2024/05/13 05:34:42.487] - eth_getBalance
[2024/05/13 05:34:42.504] - eth_getTransactionCount
[2024/05/13 05:34:42.522] - eth_getBalance
[2024/05/13 05:34:42.540] - eth_getTransactionCount
[2024/05/13 05:34:42.555] - eth_getBalance
[2024/05/13 05:34:42.565] - eth_getTransactionCount
[2024/05/13 05:34:42.574] - eth_getBalance
[2024/05/13 05:34:42.584] - eth_getTransactionCount
[2024/05/13 05:34:42.595] - eth_getBalance
[2024/05/13 05:34:42.602] - eth_getTransactionCount
[2024/05/13 05:34:45.447] - web3_clientVersion
[2024/05/13 05:34:45.481] - eth_chainId
[2024/05/13 05:34:45.489] - eth_call
[2024/05/13 05:34:45.506] - eth_getCode
[2024/05/13 05:34:45.519] - eth_accounts
[2024/05/13 05:34:45.532] - eth_getBlockByNumber
[2024/05/13 05:34:45.541] - eth_chainId
[2024/05/13 05:34:45.555] - eth_chainId
[2024/05/13 05:34:45.567] - eth_estimateGas
[2024/05/13 05:34:45.587] - eth_blockNumber
[2024/05/13 05:34:45.592] - eth_getBlockByNumber
[2024/05/13 05:34:45.600] - eth_sendTransaction
[2024/05/13 05:34:45.612] - 
  Transaction: 0x78a7cb65143b8f86cd049f6b84a6ddce844513247e89aaafd5ab92ad6546beb0
  Gas usage: 21064
  Block number: 10
  Block time: Mon May 13 2024 05:34:45 GMT+0530 (India Standard Time)

[2024/05/13 05:34:45.618] - eth_getBlockByNumber
[2024/05/13 05:34:45.643] - eth_getBalance
[2024/05/13 05:34:45.652] - eth_getTransactionCount
[2024/05/13 05:34:45.662] - eth_getBalance
[2024/05/13 05:34:45.674] - eth_getTransactionCount
[2024/05/13 05:34:45.689] - eth_getBalance
[2024/05/13 05:34:45.703] - eth_getTransactionCount
[2024/05/13 05:34:45.715] - eth_getBalance
[2024/05/13 05:34:45.729] - eth_getTransactionCount
[2024/05/13 05:34:45.740] - eth_getBalance
[2024/05/13 05:34:45.748] - eth_getTransactionCount
[2024/05/13 05:34:45.760] - eth_getBalance
[2024/05/13 05:34:45.768] - eth_getTransactionCount
[2024/05/13 05:34:45.776] - eth_getBalance
[2024/05/13 05:34:45.784] - eth_getTransactionCount
[2024/05/13 05:34:45.795] - eth_getBalance
[2024/05/13 05:34:45.806] - eth_getTransactionCount
[2024/05/13 05:34:45.816] - eth_getBalance
[2024/05/13 05:34:45.825] - eth_getTransactionCount
[2024/05/13 05:34:45.836] - eth_getBalance
[2024/05/13 05:34:45.845] - eth_getTransactionCount
[2024/05/13 05:34:47.945] - web3_clientVersion
[2024/05/13 05:34:47.978] - eth_chainId
[2024/05/13 05:34:47.986] - eth_call
[2024/05/13 05:34:47.997] - eth_getCode
[2024/05/13 05:34:48.011] - eth_accounts
[2024/05/13 05:34:48.029] - eth_getBlockByNumber
[2024/05/13 05:34:48.035] - eth_chainId
[2024/05/13 05:34:48.046] - eth_chainId
[2024/05/13 05:34:48.054] - eth_estimateGas
[2024/05/13 05:34:48.074] - eth_blockNumber
[2024/05/13 05:34:48.081] - eth_getBlockByNumber
[2024/05/13 05:34:48.088] - eth_sendTransaction
[2024/05/13 05:34:48.116] - 
  Transaction: 0x7e162c6e32eefc90a9ca0927d875128849c27d71b196e24fafa45b5565dea29a
  Gas usage: 21052
  Block number: 11
  Block time: Mon May 13 2024 05:34:48 GMT+0530 (India Standard Time)

[2024/05/13 05:34:48.123] - eth_getBlockByNumber
[2024/05/13 05:34:48.143] - eth_getBalance
[2024/05/13 05:34:48.150] - eth_getTransactionCount
[2024/05/13 05:34:48.161] - eth_getBalance
[2024/05/13 05:34:48.172] - eth_getTransactionCount
[2024/05/13 05:34:48.186] - eth_getBalance
[2024/05/13 05:34:48.199] - eth_getTransactionCount
[2024/05/13 05:34:48.209] - eth_getBalance
[2024/05/13 05:34:48.216] - eth_getTransactionCount
[2024/05/13 05:34:48.233] - eth_getBalance
[2024/05/13 05:34:48.242] - eth_getTransactionCount
[2024/05/13 05:34:48.255] - eth_getBalance
[2024/05/13 05:34:48.280] - eth_getTransactionCount
[2024/05/13 05:34:48.298] - eth_getBalance
[2024/05/13 05:34:48.309] - eth_getTransactionCount
[2024/05/13 05:34:48.329] - eth_getBalance
[2024/05/13 05:34:48.337] - eth_getTransactionCount
[2024/05/13 05:34:48.346] - eth_getBalance
[2024/05/13 05:34:48.353] - eth_getTransactionCount
[2024/05/13 05:34:48.364] - eth_getBalance
[2024/05/13 05:34:48.374] - eth_getTransactionCount
[2024/05/13 05:39:17.241] - eth_getBlockByNumber
[2024/05/13 05:39:17.300] - eth_getTransactionReceipt
[2024/05/13 05:39:17.336] - eth_getBlockByNumber
[2024/05/13 05:39:17.364] - eth_getTransactionReceipt
[2024/05/13 05:39:17.397] - eth_getBlockByNumber
[2024/05/13 05:39:17.420] - eth_getTransactionReceipt
[2024/05/13 05:39:17.452] - eth_getBlockByNumber
[2024/05/13 05:39:17.475] - eth_getTransactionReceipt
[2024/05/13 05:39:17.517] - eth_getBlockByNumber
[2024/05/13 05:39:17.540] - eth_getTransactionReceipt
[2024/05/13 05:39:17.565] - eth_getBlockByNumber
[2024/05/13 05:39:17.583] - eth_getTransactionReceipt
[2024/05/13 05:39:17.607] - eth_getBlockByNumber
[2024/05/13 05:39:17.628] - eth_getTransactionReceipt
[2024/05/13 05:39:17.651] - eth_getTransactionReceipt
[2024/05/13 05:39:17.678] - eth_getTransactionReceipt
[2024/05/13 05:39:17.707] - eth_getTransactionReceipt
[2024/05/13 05:39:17.734] - eth_getTransactionReceipt
[2024/05/13 05:39:20.939] - eth_getBlockByNumber
[2024/05/13 05:39:20.967] - eth_getBlockTransactionCountByHash
[2024/05/13 05:39:20.988] - eth_getBlockByNumber
[2024/05/13 05:39:21.006] - eth_getBlockTransactionCountByHash
[2024/05/13 05:39:21.027] - eth_getBlockByNumber
[2024/05/13 05:39:21.048] - eth_getBlockTransactionCountByHash
[2024/05/13 05:39:21.073] - eth_getBlockByNumber
[2024/05/13 05:39:21.090] - eth_getBlockTransactionCountByHash
[2024/05/13 05:39:21.108] - eth_getBlockByNumber
[2024/05/13 05:39:21.134] - eth_getBlockTransactionCountByHash
[2024/05/13 05:39:21.152] - eth_getBlockByNumber
[2024/05/13 05:39:21.176] - eth_getBlockTransactionCountByHash
[2024/05/13 05:39:21.201] - eth_getBlockByNumber
[2024/05/13 05:39:21.217] - eth_getBlockTransactionCountByHash
[2024/05/13 05:39:21.238] - eth_getBlockByNumber
[2024/05/13 05:39:21.257] - eth_getBlockTransactionCountByHash
[2024/05/13 05:39:21.279] - eth_getBlockByNumber
[2024/05/13 05:39:21.301] - eth_getBlockTransactionCountByHash
[2024/05/13 05:39:21.319] - eth_getBlockByNumber
[2024/05/13 05:39:21.337] - eth_getBlockTransactionCountByHash
[2024/05/13 05:39:21.353] - eth_getBlockByNumber
[2024/05/13 05:39:21.373] - eth_getBlockTransactionCountByHash
[2024/05/13 05:39:21.388] - eth_getBlockByNumber
[2024/05/13 05:39:21.406] - eth_getBlockTransactionCountByHash
[2024/05/13 07:24:46.217] - web3_clientVersion
[2024/05/13 07:24:46.273] - eth_chainId
[2024/05/13 07:24:46.286] - eth_call
[2024/05/13 07:24:46.309] - eth_getCode
[2024/05/13 07:24:47.131] - web3_clientVersion
[2024/05/13 07:24:47.168] - eth_chainId
[2024/05/13 07:24:47.181] - eth_call
[2024/05/13 07:24:47.201] - eth_getCode
[2024/05/13 07:50:08.396] - web3_clientVersion
[2024/05/13 07:50:08.446] - eth_chainId
[2024/05/13 07:50:08.458] - eth_call
[2024/05/13 07:50:08.475] - eth_getCode
[2024/05/13 07:50:10.512] - web3_clientVersion
[2024/05/13 07:50:10.541] - eth_chainId
[2024/05/13 07:50:10.549] - eth_call
[2024/05/13 07:50:10.563] - eth_getCode
[2024/05/13 07:50:10.575] - eth_accounts
[2024/05/13 07:50:10.589] - eth_getBlockByNumber
[2024/05/13 07:50:10.596] - eth_chainId
[2024/05/13 07:50:10.604] - eth_chainId
[2024/05/13 07:50:10.612] - eth_estimateGas
[2024/05/13 07:50:10.633] - eth_blockNumber
[2024/05/13 07:50:10.639] - eth_getBlockByNumber
[2024/05/13 07:50:10.646] - eth_sendTransaction
[2024/05/13 07:50:10.658] - 
  Transaction: 0x9f5756eab1d7deae1fec8a22a295a72a3f51a677ee1efa52777e07f9230eab3f
  Gas usage: 21064
  Block number: 12
  Block time: Mon May 13 2024 07:50:10 GMT+0530 (India Standard Time)

[2024/05/13 07:50:10.663] - eth_getBlockByNumber
[2024/05/13 07:50:10.746] - eth_getBlockByNumber
[2024/05/13 07:50:10.770] - eth_getBalance
[2024/05/13 07:50:10.785] - eth_getTransactionCount
[2024/05/13 07:50:10.796] - eth_getBalance
[2024/05/13 07:50:10.808] - eth_getTransactionCount
[2024/05/13 07:50:10.820] - eth_getBalance
[2024/05/13 07:50:10.833] - eth_getTransactionCount
[2024/05/13 07:50:10.844] - eth_getBalance
[2024/05/13 07:50:10.852] - eth_getTransactionCount
[2024/05/13 07:50:10.865] - eth_getBalance
[2024/05/13 07:50:10.876] - eth_getTransactionCount
[2024/05/13 07:50:10.885] - eth_getBalance
[2024/05/13 07:50:10.894] - eth_getTransactionCount
[2024/05/13 07:50:10.904] - eth_getBalance
[2024/05/13 07:50:10.911] - eth_getTransactionCount
[2024/05/13 07:50:10.919] - eth_getBalance
[2024/05/13 07:50:10.928] - eth_getTransactionCount
[2024/05/13 07:50:10.947] - eth_getBalance
[2024/05/13 07:50:10.956] - eth_getTransactionCount
[2024/05/13 07:50:10.965] - eth_getBalance
[2024/05/13 07:50:10.977] - eth_getTransactionCount
[2024/05/13 07:50:11.014] - eth_getTransactionReceipt
[2024/05/13 07:50:11.348] - web3_clientVersion
[2024/05/13 07:50:11.378] - eth_chainId
[2024/05/13 07:50:11.386] - eth_call
[2024/05/13 07:50:11.397] - eth_getCode
[2024/05/13 07:50:11.411] - eth_accounts
[2024/05/13 07:50:11.434] - eth_getBlockByNumber
[2024/05/13 07:50:11.441] - eth_chainId
[2024/05/13 07:50:11.449] - eth_chainId
[2024/05/13 07:50:11.459] - eth_estimateGas
[2024/05/13 07:50:11.475] - eth_blockNumber
[2024/05/13 07:50:11.480] - eth_getBlockByNumber
[2024/05/13 07:50:11.487] - eth_sendTransaction
[2024/05/13 07:50:11.500] - 
  Transaction: 0x13ce0956bba4566e388839c92dd490d302a0bea8d175b2cdbe1bb70ae8c34a2e
  Gas usage: 21748
  Block number: 13
  Block time: Mon May 13 2024 07:50:11 GMT+0530 (India Standard Time)

[2024/05/13 07:50:11.505] - eth_getBlockByNumber
[2024/05/13 07:50:11.530] - eth_getBlockByNumber
[2024/05/13 07:50:11.545] - eth_getBalance
[2024/05/13 07:50:11.557] - eth_getTransactionCount
[2024/05/13 07:50:11.564] - eth_getBalance
[2024/05/13 07:50:11.572] - eth_getTransactionCount
[2024/05/13 07:50:11.583] - eth_getBalance
[2024/05/13 07:50:11.598] - eth_getTransactionCount
[2024/05/13 07:50:11.616] - eth_getBalance
[2024/05/13 07:50:11.630] - eth_getTransactionCount
[2024/05/13 07:50:11.644] - eth_getBalance
[2024/05/13 07:50:11.661] - eth_getTransactionCount
[2024/05/13 07:50:11.671] - eth_getBalance
[2024/05/13 07:50:11.699] - eth_getTransactionCount
[2024/05/13 07:50:11.707] - eth_getBalance
[2024/05/13 07:50:11.715] - eth_getTransactionCount
[2024/05/13 07:50:11.723] - eth_getBalance
[2024/05/13 07:50:11.730] - eth_getTransactionCount
[2024/05/13 07:50:11.742] - eth_getBalance
[2024/05/13 07:50:11.749] - eth_getTransactionCount
[2024/05/13 07:50:11.758] - eth_getBalance
[2024/05/13 07:50:11.766] - eth_getTransactionCount
[2024/05/13 07:50:11.788] - eth_getTransactionReceipt
[2024/05/13 07:50:13.750] - web3_clientVersion
[2024/05/13 07:50:13.781] - eth_chainId
[2024/05/13 07:50:13.790] - eth_call
[2024/05/13 07:50:13.802] - eth_getCode
[2024/05/13 07:50:13.815] - eth_accounts
[2024/05/13 07:50:13.827] - eth_getBlockByNumber
[2024/05/13 07:50:13.833] - eth_chainId
[2024/05/13 07:50:13.843] - eth_chainId
[2024/05/13 07:50:13.852] - eth_estimateGas
[2024/05/13 07:50:13.871] - eth_blockNumber
[2024/05/13 07:50:13.876] - eth_getBlockByNumber
[2024/05/13 07:50:13.881] - eth_sendTransaction
[2024/05/13 07:50:13.892] - 
  Transaction: 0x3d5a1fa3ad37a234c0e8d47998336addfbe521b7fbf29fa55266ab17eed15c22
  Gas usage: 21064
  Block number: 14
  Block time: Mon May 13 2024 07:50:13 GMT+0530 (India Standard Time)

[2024/05/13 07:50:13.896] - eth_getBlockByNumber
[2024/05/13 07:50:13.921] - eth_getBlockByNumber
[2024/05/13 07:50:13.934] - eth_getBalance
[2024/05/13 07:50:13.944] - eth_getTransactionCount
[2024/05/13 07:50:13.951] - eth_getBalance
[2024/05/13 07:50:13.958] - eth_getTransactionCount
[2024/05/13 07:50:13.965] - eth_getBalance
[2024/05/13 07:50:13.973] - eth_getTransactionCount
[2024/05/13 07:50:13.982] - eth_getBalance
[2024/05/13 07:50:13.990] - eth_getTransactionCount
[2024/05/13 07:50:14.002] - eth_getBalance
[2024/05/13 07:50:14.013] - eth_getTransactionCount
[2024/05/13 07:50:14.019] - eth_getBalance
[2024/05/13 07:50:14.033] - eth_getTransactionCount
[2024/05/13 07:50:14.041] - eth_getBalance
[2024/05/13 07:50:14.047] - eth_getTransactionCount
[2024/05/13 07:50:14.054] - eth_getBalance
[2024/05/13 07:50:14.061] - eth_getTransactionCount
[2024/05/13 07:50:14.068] - eth_getBalance
[2024/05/13 07:50:14.075] - eth_getTransactionCount
[2024/05/13 07:50:14.081] - eth_getBalance
[2024/05/13 07:50:14.089] - eth_getTransactionCount
[2024/05/13 07:50:14.111] - eth_getTransactionReceipt
[2024/05/13 07:50:15.775] - web3_clientVersion
[2024/05/13 07:50:15.803] - eth_chainId
[2024/05/13 07:50:15.810] - eth_call
[2024/05/13 07:50:15.823] - eth_getCode
[2024/05/13 07:50:15.844] - eth_accounts
[2024/05/13 07:50:15.856] - eth_getBlockByNumber
[2024/05/13 07:50:15.864] - eth_chainId
[2024/05/13 07:50:15.872] - eth_chainId
[2024/05/13 07:50:15.880] - eth_estimateGas
[2024/05/13 07:50:15.898] - eth_blockNumber
[2024/05/13 07:50:15.903] - eth_getBlockByNumber
[2024/05/13 07:50:15.911] - eth_sendTransaction
[2024/05/13 07:50:15.921] - 
  Transaction: 0xf781c13f468045d7cb1430125d0bfebe89aa573f2af3d9bf8f4839ae81101e75
  Gas usage: 21052
  Block number: 15
  Block time: Mon May 13 2024 07:50:15 GMT+0530 (India Standard Time)

[2024/05/13 07:50:15.926] - eth_getBlockByNumber
[2024/05/13 07:50:15.949] - eth_getBlockByNumber
[2024/05/13 07:50:15.964] - eth_getBalance
[2024/05/13 07:50:15.970] - eth_getTransactionCount
[2024/05/13 07:50:15.980] - eth_getBalance
[2024/05/13 07:50:15.986] - eth_getTransactionCount
[2024/05/13 07:50:15.997] - eth_getBalance
[2024/05/13 07:50:16.004] - eth_getTransactionCount
[2024/05/13 07:50:16.013] - eth_getBalance
[2024/05/13 07:50:16.024] - eth_getTransactionCount
[2024/05/13 07:50:16.034] - eth_getBalance
[2024/05/13 07:50:16.041] - eth_getTransactionCount
[2024/05/13 07:50:16.048] - eth_getBalance
[2024/05/13 07:50:16.063] - eth_getTransactionCount
[2024/05/13 07:50:16.073] - eth_getBalance
[2024/05/13 07:50:16.082] - eth_getTransactionCount
[2024/05/13 07:50:16.089] - eth_getBalance
[2024/05/13 07:50:16.098] - eth_getTransactionCount
[2024/05/13 07:50:16.104] - eth_getBalance
[2024/05/13 07:50:16.113] - eth_getTransactionCount
[2024/05/13 07:50:16.121] - eth_getBalance
[2024/05/13 07:50:16.130] - eth_getTransactionCount
[2024/05/13 07:50:16.179] - eth_getTransactionReceipt
[2024/05/13 07:50:38.836] - web3_clientVersion
[2024/05/13 07:50:38.872] - eth_chainId
[2024/05/13 07:50:38.878] - eth_call
[2024/05/13 07:50:38.889] - eth_getCode
[2024/05/13 07:50:38.900] - eth_accounts
[2024/05/13 07:50:38.912] - eth_getBlockByNumber
[2024/05/13 07:50:38.920] - eth_chainId
[2024/05/13 07:50:38.929] - eth_chainId
[2024/05/13 07:50:38.937] - eth_estimateGas
[2024/05/13 07:50:38.956] - eth_blockNumber
[2024/05/13 07:50:38.962] - eth_getBlockByNumber
[2024/05/13 07:50:38.970] - eth_sendTransaction
[2024/05/13 07:50:38.982] - 
  Transaction: 0x9b737a5de3560b6c616b75dfad506ccb15ab923d928e3dd02febfab2e19f29cd
  Gas usage: 21748
  Block number: 16
  Block time: Mon May 13 2024 07:50:38 GMT+0530 (India Standard Time)

[2024/05/13 07:50:38.987] - eth_getBlockByNumber
[2024/05/13 07:50:39.019] - eth_getBlockByNumber
[2024/05/13 07:50:39.041] - eth_getBalance
[2024/05/13 07:50:39.053] - eth_getTransactionCount
[2024/05/13 07:50:39.060] - eth_getBalance
[2024/05/13 07:50:39.070] - eth_getTransactionCount
[2024/05/13 07:50:39.079] - eth_getBalance
[2024/05/13 07:50:39.087] - eth_getTransactionCount
[2024/05/13 07:50:39.104] - eth_getBalance
[2024/05/13 07:50:39.120] - eth_getTransactionCount
[2024/05/13 07:50:39.131] - eth_getBalance
[2024/05/13 07:50:39.141] - eth_getTransactionCount
[2024/05/13 07:50:39.151] - eth_getBalance
[2024/05/13 07:50:39.160] - eth_getTransactionCount
[2024/05/13 07:50:39.171] - eth_getBalance
[2024/05/13 07:50:39.180] - eth_getTransactionCount
[2024/05/13 07:50:39.189] - eth_getBalance
[2024/05/13 07:50:39.196] - eth_getTransactionCount
[2024/05/13 07:50:39.204] - eth_getBalance
[2024/05/13 07:50:39.211] - eth_getTransactionCount
[2024/05/13 07:50:39.221] - eth_getBalance
[2024/05/13 07:50:39.227] - eth_getTransactionCount
[2024/05/13 07:50:39.249] - eth_getTransactionReceipt
[2024/05/13 07:51:13.770] - web3_clientVersion
[2024/05/13 07:51:13.821] - eth_chainId
[2024/05/13 07:51:13.827] - eth_call
[2024/05/13 07:51:13.839] - eth_getCode
[2024/05/13 07:53:22.668] - web3_clientVersion
[2024/05/13 07:53:22.695] - eth_chainId
[2024/05/13 07:53:22.704] - eth_call
[2024/05/13 07:53:22.716] - eth_getCode
[2024/05/13 07:53:22.731] - eth_accounts
[2024/05/13 07:53:22.744] - eth_getBlockByNumber
[2024/05/13 07:53:22.755] - eth_chainId
[2024/05/13 07:53:22.771] - eth_chainId
[2024/05/13 07:53:22.779] - eth_estimateGas
[2024/05/13 07:53:22.798] - eth_blockNumber
[2024/05/13 07:53:22.803] - eth_getBlockByNumber
[2024/05/13 07:53:22.809] - eth_sendTransaction
[2024/05/13 07:53:22.827] - 
  Transaction: 0xa3282d16044de4367ba08915feec1de53af8d3f5aeb8b73a665748a715b35b46
  Gas usage: 21052
  Block number: 17
  Block time: Mon May 13 2024 07:53:22 GMT+0530 (India Standard Time)

[2024/05/13 07:53:22.833] - eth_getBlockByNumber
[2024/05/13 07:53:22.866] - eth_getBlockByNumber
[2024/05/13 07:53:22.882] - eth_getBalance
[2024/05/13 07:53:22.892] - eth_getTransactionCount
[2024/05/13 07:53:22.901] - eth_getBalance
[2024/05/13 07:53:22.909] - eth_getTransactionCount
[2024/05/13 07:53:22.918] - eth_getBalance
[2024/05/13 07:53:22.930] - eth_getTransactionCount
[2024/05/13 07:53:22.937] - eth_getBalance
[2024/05/13 07:53:22.948] - eth_getTransactionCount
[2024/05/13 07:53:22.958] - eth_getBalance
[2024/05/13 07:53:22.983] - eth_getTransactionCount
[2024/05/13 07:53:22.990] - eth_getBalance
[2024/05/13 07:53:23.000] - eth_getTransactionCount
[2024/05/13 07:53:23.008] - eth_getBalance
[2024/05/13 07:53:23.016] - eth_getTransactionCount
[2024/05/13 07:53:23.024] - eth_getBalance
[2024/05/13 07:53:23.031] - eth_getTransactionCount
[2024/05/13 07:53:23.040] - eth_getBalance
[2024/05/13 07:53:23.049] - eth_getTransactionCount
[2024/05/13 07:53:23.055] - eth_getBalance
[2024/05/13 07:53:23.064] - eth_getTransactionCount
[2024/05/13 07:53:23.087] - eth_getTransactionReceipt
[2024/05/13 07:54:41.723] - eth_getBlockByNumber
[2024/05/13 07:54:41.782] - eth_getBlockTransactionCountByHash
[2024/05/13 07:54:41.805] - eth_getBlockByNumber
[2024/05/13 07:54:41.833] - eth_getBlockTransactionCountByHash
[2024/05/13 07:54:41.858] - eth_getBlockByNumber
[2024/05/13 07:54:41.884] - eth_getBlockTransactionCountByHash
[2024/05/13 07:54:41.906] - eth_getBlockByNumber
[2024/05/13 07:54:41.932] - eth_getBlockTransactionCountByHash
[2024/05/13 07:54:41.956] - eth_getBlockByNumber
[2024/05/13 07:54:41.978] - eth_getBlockTransactionCountByHash
[2024/05/13 07:54:41.999] - eth_getBlockByNumber
[2024/05/13 07:54:42.019] - eth_getBlockTransactionCountByHash
[2024/05/13 07:54:42.871] - eth_getTransactionReceipt
[2024/05/13 07:54:42.903] - eth_getTransactionReceipt
[2024/05/13 07:54:42.926] - eth_getTransactionReceipt
[2024/05/13 07:54:42.950] - eth_getTransactionReceipt
[2024/05/13 07:54:42.976] - eth_getTransactionReceipt
[2024/05/13 07:54:42.999] - eth_getTransactionReceipt
[2024/05/13 07:54:43.026] - eth_getTransactionReceipt
[2024/05/13 07:54:43.049] - eth_getTransactionReceipt
[2024/05/13 07:54:43.072] - eth_getTransactionReceipt
[2024/05/13 07:54:43.095] - eth_getTransactionReceipt
[2024/05/13 07:54:44.989] - eth_getTransactionReceipt
[2024/05/13 07:54:45.020] - eth_getTransactionReceipt
[2024/05/13 07:54:45.048] - eth_getTransactionReceipt
[2024/05/13 07:54:45.075] - eth_getTransactionReceipt
[2024/05/13 07:54:45.106] - eth_getTransactionReceipt
[2024/05/13 07:54:45.133] - eth_getTransactionReceipt
[2024/05/13 07:57:29.855] - web3_clientVersion
[2024/05/13 07:57:29.858] - web3_clientVersion
[2024/05/13 07:57:29.979] - eth_chainId
[2024/05/13 07:57:29.996] - eth_call
[2024/05/13 07:57:29.999] - eth_chainId
[2024/05/13 07:57:30.012] - eth_call
[2024/05/13 07:57:30.019] - eth_getCode
[2024/05/13 07:57:30.117] - eth_getCode
[2024/05/13 07:57:31.317] - web3_clientVersion
[2024/05/13 07:57:31.354] - eth_chainId
[2024/05/13 07:57:31.365] - eth_call
[2024/05/13 07:57:31.375] - eth_getCode
[2024/05/13 07:57:35.009] - web3_clientVersion
[2024/05/13 07:57:35.060] - eth_chainId
[2024/05/13 07:57:35.067] - eth_call
[2024/05/13 07:57:35.079] - eth_getCode
[2024/05/13 07:57:39.671] - web3_clientVersion
[2024/05/13 07:57:39.708] - eth_chainId
[2024/05/13 07:57:39.715] - eth_call
[2024/05/13 07:57:39.728] - eth_getCode
[2024/05/13 07:57:42.114] - web3_clientVersion
[2024/05/13 07:57:42.143] - eth_chainId
[2024/05/13 07:57:42.150] - eth_call
[2024/05/13 07:57:42.162] - eth_getCode
[2024/05/13 07:57:52.772] - web3_clientVersion
[2024/05/13 07:57:52.807] - eth_chainId
[2024/05/13 07:57:52.813] - eth_call
[2024/05/13 07:57:52.825] - eth_getCode
[2024/05/13 07:58:00.906] - web3_clientVersion
[2024/05/13 07:58:00.939] - eth_chainId
[2024/05/13 07:58:00.948] - eth_call
[2024/05/13 07:58:00.961] - eth_getCode
[2024/05/13 07:58:02.443] - web3_clientVersion
[2024/05/13 07:58:02.472] - eth_chainId
[2024/05/13 07:58:02.478] - eth_call
[2024/05/13 07:58:02.491] - eth_getCode
[2024/05/13 07:58:02.504] - eth_accounts
[2024/05/13 07:58:02.513] - eth_getBlockByNumber
[2024/05/13 07:58:02.519] - eth_chainId
[2024/05/13 07:58:02.528] - eth_chainId
[2024/05/13 07:58:02.536] - eth_estimateGas
[2024/05/13 07:58:02.559] - eth_blockNumber
[2024/05/13 07:58:02.565] - eth_getBlockByNumber
[2024/05/13 07:58:02.570] - eth_sendTransaction
[2024/05/13 07:58:02.581] - 
  Transaction: 0xcfbff96f7b64b872f230ac00908aa20b7b2fb8b1d2f20c08ce5debea0b25dd7f
  Gas usage: 21748
  Block number: 18
  Block time: Mon May 13 2024 07:58:02 GMT+0530 (India Standard Time)

[2024/05/13 07:58:02.586] - eth_getBlockByNumber
[2024/05/13 07:58:02.601] - eth_getBalance
[2024/05/13 07:58:02.609] - eth_getTransactionCount
[2024/05/13 07:58:02.617] - eth_getBalance
[2024/05/13 07:58:02.624] - eth_getTransactionCount
[2024/05/13 07:58:02.634] - eth_getBalance
[2024/05/13 07:58:02.643] - eth_getTransactionCount
[2024/05/13 07:58:02.651] - eth_getBalance
[2024/05/13 07:58:02.658] - eth_getTransactionCount
[2024/05/13 07:58:02.670] - eth_getBalance
[2024/05/13 07:58:02.677] - eth_getTransactionCount
[2024/05/13 07:58:02.690] - eth_getBalance
[2024/05/13 07:58:02.700] - eth_getTransactionCount
[2024/05/13 07:58:02.709] - eth_getBalance
[2024/05/13 07:58:02.718] - eth_getTransactionCount
[2024/05/13 07:58:02.729] - eth_getBalance
[2024/05/13 07:58:02.740] - eth_getTransactionCount
[2024/05/13 07:58:02.751] - eth_getBalance
[2024/05/13 07:58:02.760] - eth_getTransactionCount
[2024/05/13 07:58:02.770] - eth_getBalance
[2024/05/13 07:58:02.778] - eth_getTransactionCount
[2024/05/13 07:58:12.263] - web3_clientVersion
[2024/05/13 07:58:12.296] - eth_chainId
[2024/05/13 07:58:12.304] - eth_call
[2024/05/13 07:58:12.316] - eth_getCode
[2024/05/13 07:58:13.435] - web3_clientVersion
[2024/05/13 07:58:13.463] - eth_chainId
[2024/05/13 07:58:13.471] - eth_call
[2024/05/13 07:58:13.483] - eth_getCode
[2024/05/13 07:58:13.501] - eth_accounts
[2024/05/13 07:58:13.513] - eth_getBlockByNumber
[2024/05/13 07:58:13.519] - eth_chainId
[2024/05/13 07:58:13.530] - eth_chainId
[2024/05/13 07:58:13.538] - eth_estimateGas
[2024/05/13 07:58:13.556] - eth_blockNumber
[2024/05/13 07:58:13.561] - eth_getBlockByNumber
[2024/05/13 07:58:13.567] - eth_sendTransaction
[2024/05/13 07:58:13.577] - 
  Transaction: 0xf285797ea1ebf40eca9a06e290fac659a0bd02ab209f76a1b0ffcfd9745749f2
  Gas usage: 21052
  Block number: 19
  Block time: Mon May 13 2024 07:58:13 GMT+0530 (India Standard Time)

[2024/05/13 07:58:13.581] - eth_getBlockByNumber
[2024/05/13 07:58:13.601] - eth_getBalance
[2024/05/13 07:58:13.612] - eth_getTransactionCount
[2024/05/13 07:58:13.624] - eth_getBalance
[2024/05/13 07:58:13.632] - eth_getTransactionCount
[2024/05/13 07:58:13.640] - eth_getBalance
[2024/05/13 07:58:13.649] - eth_getTransactionCount
[2024/05/13 07:58:13.660] - eth_getBalance
[2024/05/13 07:58:13.670] - eth_getTransactionCount
[2024/05/13 07:58:13.687] - eth_getBalance
[2024/05/13 07:58:13.698] - eth_getTransactionCount
[2024/05/13 07:58:13.706] - eth_getBalance
[2024/05/13 07:58:13.715] - eth_getTransactionCount
[2024/05/13 07:58:13.725] - eth_getBalance
[2024/05/13 07:58:13.732] - eth_getTransactionCount
[2024/05/13 07:58:13.740] - eth_getBalance
[2024/05/13 07:58:13.747] - eth_getTransactionCount
[2024/05/13 07:58:13.754] - eth_getBalance
[2024/05/13 07:58:13.763] - eth_getTransactionCount
[2024/05/13 07:58:13.770] - eth_getBalance
[2024/05/13 07:58:13.784] - eth_getTransactionCount
[2024/05/13 07:58:36.899] - web3_clientVersion
[2024/05/13 07:58:36.943] - eth_chainId
[2024/05/13 07:58:36.953] - eth_call
[2024/05/13 07:58:36.968] - eth_getCode
[2024/05/13 07:58:36.982] - eth_accounts
[2024/05/13 07:58:36.994] - eth_getBlockByNumber
[2024/05/13 07:58:37.000] - eth_chainId
[2024/05/13 07:58:37.013] - eth_chainId
[2024/05/13 07:58:37.021] - eth_estimateGas
[2024/05/13 07:58:37.043] - eth_blockNumber
[2024/05/13 07:58:37.050] - eth_getBlockByNumber
[2024/05/13 07:58:37.057] - eth_sendTransaction
[2024/05/13 07:58:37.067] - 
  Transaction: 0x54fd3a36532cb8b16c396c0d0bbc79b5723ae9a494fa2a332763f70f87641c42
  Gas usage: 21748
  Block number: 20
  Block time: Mon May 13 2024 07:58:37 GMT+0530 (India Standard Time)

[2024/05/13 07:58:37.071] - eth_getBlockByNumber
[2024/05/13 07:58:37.089] - eth_getBalance
[2024/05/13 07:58:37.097] - eth_getTransactionCount
[2024/05/13 07:58:37.109] - eth_getBalance
[2024/05/13 07:58:37.116] - eth_getTransactionCount
[2024/05/13 07:58:37.126] - eth_getBalance
[2024/05/13 07:58:37.135] - eth_getTransactionCount
[2024/05/13 07:58:37.142] - eth_getBalance
[2024/05/13 07:58:37.151] - eth_getTransactionCount
[2024/05/13 07:58:37.160] - eth_getBalance
[2024/05/13 07:58:37.169] - eth_getTransactionCount
[2024/05/13 07:58:37.178] - eth_getBalance
[2024/05/13 07:58:37.192] - eth_getTransactionCount
[2024/05/13 07:58:37.200] - eth_getBalance
[2024/05/13 07:58:37.208] - eth_getTransactionCount
[2024/05/13 07:58:37.221] - eth_getBalance
[2024/05/13 07:58:37.237] - eth_getTransactionCount
[2024/05/13 07:58:37.250] - eth_getBalance
[2024/05/13 07:58:37.259] - eth_getTransactionCount
[2024/05/13 07:58:37.268] - eth_getBalance
[2024/05/13 07:58:37.279] - eth_getTransactionCount
[2024/05/13 11:53:23.292] - web3_clientVersion
[2024/05/13 11:53:23.319] - web3_clientVersion
[2024/05/13 11:53:23.418] - eth_chainId
[2024/05/13 11:53:23.435] - eth_chainId
[2024/05/13 11:53:23.437] - eth_call
[2024/05/13 11:53:23.450] - eth_call
[2024/05/13 11:53:23.458] - eth_getCode
[2024/05/13 11:53:23.479] - eth_getCode
[2024/05/13 11:53:24.954] - web3_clientVersion
[2024/05/13 11:53:25.008] - eth_chainId
[2024/05/13 11:53:25.023] - eth_call
[2024/05/13 11:53:25.041] - eth_getCode
[2024/05/13 17:10:35.261] - web3_clientVersion
[2024/05/13 17:10:35.317] - eth_chainId
[2024/05/13 17:10:35.331] - eth_call
[2024/05/13 17:10:35.355] - eth_getCode
[2024/05/13 17:10:35.357] - web3_clientVersion
[2024/05/13 17:10:35.547] - eth_chainId
[2024/05/13 17:10:35.559] - eth_call
[2024/05/13 17:10:35.579] - eth_getCode
[2024/05/13 17:10:36.948] - web3_clientVersion
[2024/05/13 17:10:37.000] - eth_chainId
[2024/05/13 17:10:37.010] - eth_call
[2024/05/13 17:10:37.027] - eth_getCode
[2024/05/13 18:03:23.646] - web3_clientVersion
[2024/05/13 18:03:23.703] - eth_chainId
[2024/05/13 18:03:23.716] - eth_call
[2024/05/13 18:03:23.747] - eth_getCode
[2024/05/13 18:03:23.748] - web3_clientVersion
[2024/05/13 18:03:23.784] - web3_clientVersion
[2024/05/13 18:03:24.014] - eth_chainId
[2024/05/13 18:03:24.026] - eth_chainId
[2024/05/13 18:03:24.038] - eth_call
[2024/05/13 18:03:24.044] - eth_call
[2024/05/13 18:03:24.068] - eth_getCode
[2024/05/13 18:03:24.070] - eth_getCode
[2024/05/13 19:08:06.127] - web3_clientVersion
[2024/05/13 19:08:06.180] - eth_chainId
[2024/05/13 19:08:06.191] - eth_call
[2024/05/13 19:08:06.209] - eth_getCode
[2024/05/13 19:08:07.374] - web3_clientVersion
[2024/05/13 19:08:07.440] - web3_clientVersion
[2024/05/13 19:08:07.442] - eth_chainId
[2024/05/13 19:08:07.499] - eth_call
[2024/05/13 19:08:07.508] - eth_chainId
[2024/05/13 19:08:07.528] - eth_call
[2024/05/13 19:08:07.533] - eth_getCode
[2024/05/13 19:08:07.557] - eth_getCode
[2024/05/14 00:13:28.142] - web3_clientVersion
[2024/05/14 00:13:28.197] - eth_chainId
[2024/05/14 00:13:28.209] - eth_call
[2024/05/14 00:13:28.233] - eth_getCode
[2024/05/14 00:13:29.037] - web3_clientVersion
[2024/05/14 00:13:29.100] - eth_chainId
[2024/05/14 00:13:29.103] - web3_clientVersion
[2024/05/14 00:13:29.123] - eth_call
[2024/05/14 00:13:29.166] - eth_getCode
[2024/05/14 00:13:29.189] - eth_chainId
[2024/05/14 00:13:29.319] - eth_call
[2024/05/14 00:13:29.338] - eth_getCode
[2024/05/14 01:10:32.072] - web3_clientVersion
[2024/05/14 01:10:32.121] - eth_chainId
[2024/05/14 01:10:32.131] - eth_call
[2024/05/14 01:10:32.154] - eth_getCode
[2024/05/14 01:10:32.985] - web3_clientVersion
[2024/05/14 01:10:33.033] - web3_clientVersion
[2024/05/14 01:10:33.047] - eth_chainId
[2024/05/14 01:10:33.078] - eth_call
[2024/05/14 01:10:33.119] - eth_chainId
[2024/05/14 01:10:33.121] - eth_getCode
[2024/05/14 01:10:33.144] - eth_call
[2024/05/14 01:10:33.285] - eth_getCode
[2024/05/14 04:07:56.446] - web3_clientVersion
[2024/05/14 04:07:56.502] - eth_chainId
[2024/05/14 04:07:56.513] - eth_call
[2024/05/14 04:07:56.533] - eth_getCode
[2024/05/14 04:07:57.453] - web3_clientVersion
[2024/05/14 04:07:57.521] - eth_chainId
[2024/05/14 04:07:57.534] - eth_call
[2024/05/14 04:07:57.552] - eth_getCode
[2024/05/14 04:07:58.568] - web3_clientVersion
[2024/05/14 04:07:58.624] - eth_chainId
[2024/05/14 04:07:58.638] - eth_call
[2024/05/14 04:07:58.657] - eth_getCode
[2024/05/14 04:26:52.816] - web3_clientVersion
[2024/05/14 04:26:52.820] - web3_clientVersion
[2024/05/14 04:26:52.822] - web3_clientVersion
[2024/05/14 04:26:52.992] - eth_chainId
[2024/05/14 04:26:53.012] - eth_chainId
[2024/05/14 04:26:53.026] - eth_call
[2024/05/14 04:26:53.029] - eth_chainId
[2024/05/14 04:26:53.031] - eth_call
[2024/05/14 04:26:53.038] - eth_call
[2024/05/14 04:26:53.058] - eth_getCode
[2024/05/14 04:26:53.061] - eth_getCode
[2024/05/14 04:26:53.065] - eth_getCode
[2024/05/14 04:26:54.736] - web3_clientVersion
[2024/05/14 04:26:54.781] - eth_chainId
[2024/05/14 04:26:54.788] - eth_call
[2024/05/14 04:26:54.803] - eth_getCode
[2024/05/14 04:28:09.945] - web3_clientVersion
[2024/05/14 04:28:09.947] - web3_clientVersion
[2024/05/14 04:28:10.054] - eth_chainId
[2024/05/14 04:28:10.070] - eth_chainId
[2024/05/14 04:28:10.072] - eth_call
[2024/05/14 04:28:10.082] - eth_call
[2024/05/14 04:28:10.089] - eth_getCode
[2024/05/14 04:28:10.116] - eth_getCode
[2024/05/14 04:28:23.857] - web3_clientVersion
[2024/05/14 04:28:23.910] - eth_chainId
[2024/05/14 04:28:23.919] - eth_call
[2024/05/14 04:28:23.937] - eth_getCode
[2024/05/14 04:28:27.455] - web3_clientVersion
[2024/05/14 04:28:27.493] - eth_chainId
[2024/05/14 04:28:27.501] - eth_call
[2024/05/14 04:28:27.514] - eth_getCode
[2024/05/14 04:28:32.669] - eth_getBlockByNumber
[2024/05/14 04:28:32.748] - eth_getBlockTransactionCountByHash
[2024/05/14 04:28:32.783] - eth_getBlockByNumber
[2024/05/14 04:28:32.822] - eth_getBlockTransactionCountByHash
[2024/05/14 04:28:32.855] - eth_getBlockByNumber
[2024/05/14 04:28:32.889] - eth_getBlockTransactionCountByHash
[2024/05/14 04:28:35.154] - eth_getBlockByNumber
[2024/05/14 04:28:35.201] - eth_getTransactionReceipt
[2024/05/14 04:28:35.231] - eth_getBlockByNumber
[2024/05/14 04:28:35.263] - eth_getTransactionReceipt
[2024/05/14 04:28:35.310] - eth_getBlockByNumber
[2024/05/14 04:28:35.347] - eth_getTransactionReceipt
[2024/05/14 04:28:35.390] - eth_getTransactionReceipt
[2024/05/14 04:28:35.435] - eth_getTransactionReceipt
[2024/05/14 04:28:35.474] - eth_getTransactionReceipt
[2024/05/14 04:28:35.518] - eth_getTransactionReceipt
[2024/05/14 04:28:35.543] - eth_getTransactionReceipt
[2024/05/14 04:28:35.570] - eth_getTransactionReceipt
[2024/05/14 04:28:35.601] - eth_getTransactionReceipt
[2024/05/14 04:28:35.628] - eth_getTransactionReceipt
[2024/05/14 04:28:52.455] - web3_clientVersion
[2024/05/14 04:28:52.501] - eth_chainId
[2024/05/14 04:28:52.511] - eth_call
[2024/05/14 04:28:52.532] - eth_getCode
[2024/05/14 04:28:56.344] - web3_clientVersion
[2024/05/14 04:28:56.387] - eth_chainId
[2024/05/14 04:28:56.395] - eth_call
[2024/05/14 04:28:56.415] - eth_getCode
[2024/05/14 04:28:59.862] - web3_clientVersion
[2024/05/14 04:28:59.968] - eth_chainId
[2024/05/14 04:28:59.976] - eth_call
[2024/05/14 04:28:59.991] - eth_getCode
[2024/05/14 04:29:02.255] - web3_clientVersion
[2024/05/14 04:29:02.297] - eth_chainId
[2024/05/14 04:29:02.304] - eth_call
[2024/05/14 04:29:02.320] - eth_getCode
[2024/05/14 04:29:02.339] - eth_accounts
[2024/05/14 04:29:02.353] - eth_getBlockByNumber
[2024/05/14 04:29:02.361] - eth_chainId
[2024/05/14 04:29:02.373] - eth_chainId
[2024/05/14 04:29:02.386] - eth_estimateGas
[2024/05/14 04:29:02.408] - eth_blockNumber
[2024/05/14 04:29:02.413] - eth_getBlockByNumber
[2024/05/14 04:29:02.419] - eth_sendTransaction
[2024/05/14 04:29:02.432] - 
  Transaction: 0x5ec4b7dd5c33adbbe6bbe9e7d129768cbefe70dca9301e63b068c1152791b46a
  Gas usage: 21888
  Block number: 21
  Block time: Tue May 14 2024 04:29:02 GMT+0530 (India Standard Time)

[2024/05/14 04:29:02.438] - eth_getBlockByNumber
[2024/05/14 04:29:02.467] - eth_getBalance
[2024/05/14 04:29:02.482] - eth_getTransactionCount
[2024/05/14 04:29:02.496] - eth_getBalance
[2024/05/14 04:29:02.507] - eth_getTransactionCount
[2024/05/14 04:29:02.515] - eth_getBalance
[2024/05/14 04:29:02.528] - eth_getTransactionCount
[2024/05/14 04:29:02.538] - eth_getBalance
[2024/05/14 04:29:02.547] - eth_getTransactionCount
[2024/05/14 04:29:02.558] - eth_getBalance
[2024/05/14 04:29:02.572] - eth_getTransactionCount
[2024/05/14 04:29:02.583] - eth_getBalance
[2024/05/14 04:29:02.597] - eth_getTransactionCount
[2024/05/14 04:29:02.611] - eth_getBalance
[2024/05/14 04:29:02.625] - eth_getTransactionCount
[2024/05/14 04:29:02.640] - eth_getBalance
[2024/05/14 04:29:02.655] - eth_getTransactionCount
[2024/05/14 04:29:02.666] - eth_getBalance
[2024/05/14 04:29:02.677] - eth_getTransactionCount
[2024/05/14 04:29:02.694] - eth_getBalance
[2024/05/14 04:29:02.706] - eth_getTransactionCount
[2024/05/14 04:30:07.180] - web3_clientVersion
[2024/05/14 04:30:07.230] - eth_chainId
[2024/05/14 04:30:07.241] - eth_call
[2024/05/14 04:30:07.260] - eth_getCode
[2024/05/14 04:30:07.416] - web3_clientVersion
[2024/05/14 04:30:07.457] - eth_chainId
[2024/05/14 04:30:07.469] - eth_call
[2024/05/14 04:30:07.482] - eth_getCode
[2024/05/14 04:30:07.505] - eth_accounts
[2024/05/14 04:30:07.524] - eth_getBlockByNumber
[2024/05/14 04:30:07.535] - eth_chainId
[2024/05/14 04:30:07.544] - eth_chainId
[2024/05/14 04:30:07.556] - eth_estimateGas
[2024/05/14 04:30:07.587] - eth_blockNumber
[2024/05/14 04:30:07.596] - eth_getBlockByNumber
[2024/05/14 04:30:07.608] - eth_sendTransaction
[2024/05/14 04:30:07.620] - 
  Transaction: 0x91ff4af882f588f1a2a0c78c7e7ca76278e91645fea75e57b896e3c4e60ad277
  Gas usage: 21052
  Block number: 22
  Block time: Tue May 14 2024 04:30:07 GMT+0530 (India Standard Time)

[2024/05/14 04:30:07.626] - eth_getBlockByNumber
[2024/05/14 04:30:07.656] - eth_getBalance
[2024/05/14 04:30:07.670] - eth_getTransactionCount
[2024/05/14 04:30:07.686] - eth_getBalance
[2024/05/14 04:30:07.723] - eth_getTransactionCount
[2024/05/14 04:30:07.744] - eth_getBalance
[2024/05/14 04:30:07.756] - eth_getTransactionCount
[2024/05/14 04:30:07.769] - eth_getBalance
[2024/05/14 04:30:07.780] - eth_getTransactionCount
[2024/05/14 04:30:07.790] - eth_getBalance
[2024/05/14 04:30:07.800] - eth_getTransactionCount
[2024/05/14 04:30:07.821] - eth_getBalance
[2024/05/14 04:30:07.837] - eth_getTransactionCount
[2024/05/14 04:30:07.849] - eth_getBalance
[2024/05/14 04:30:07.859] - eth_getTransactionCount
[2024/05/14 04:30:07.871] - eth_getBalance
[2024/05/14 04:30:07.879] - eth_getTransactionCount
[2024/05/14 04:30:07.890] - eth_getBalance
[2024/05/14 04:30:07.901] - eth_getTransactionCount
[2024/05/14 04:30:07.909] - eth_getBalance
[2024/05/14 04:30:07.921] - eth_getTransactionCount
[2024/05/14 04:31:50.347] - web3_clientVersion
[2024/05/14 04:31:50.394] - eth_chainId
[2024/05/14 04:31:50.406] - eth_call
[2024/05/14 04:31:50.422] - eth_getCode
[2024/05/14 04:31:50.764] - web3_clientVersion
[2024/05/14 04:31:50.801] - eth_chainId
[2024/05/14 04:31:50.813] - eth_call
[2024/05/14 04:31:50.829] - eth_getCode
[2024/05/14 04:31:50.850] - eth_accounts
[2024/05/14 04:31:50.865] - eth_getBlockByNumber
[2024/05/14 04:31:50.875] - eth_chainId
[2024/05/14 04:31:50.886] - eth_chainId
[2024/05/14 04:31:50.897] - eth_estimateGas
[2024/05/14 04:31:50.924] - eth_blockNumber
[2024/05/14 04:31:50.930] - eth_getBlockByNumber
[2024/05/14 04:31:50.939] - eth_sendTransaction
[2024/05/14 04:31:50.952] - 
  Transaction: 0x8fb397869e9533da56ef189ad05c29b9adb1dcc3558f8f74dcf2b0c998fce6f0
  Gas usage: 21064
  Block number: 23
  Block time: Tue May 14 2024 04:31:50 GMT+0530 (India Standard Time)

[2024/05/14 04:31:50.958] - eth_getBlockByNumber
[2024/05/14 04:31:50.984] - eth_getBalance
[2024/05/14 04:31:51.001] - eth_getTransactionCount
[2024/05/14 04:31:51.014] - eth_getBalance
[2024/05/14 04:31:51.024] - eth_getTransactionCount
[2024/05/14 04:31:51.041] - eth_getBalance
[2024/05/14 04:31:51.058] - eth_getTransactionCount
[2024/05/14 04:31:51.067] - eth_getBalance
[2024/05/14 04:31:51.082] - eth_getTransactionCount
[2024/05/14 04:31:51.095] - eth_getBalance
[2024/05/14 04:31:51.105] - eth_getTransactionCount
[2024/05/14 04:31:51.115] - eth_getBalance
[2024/05/14 04:31:51.128] - eth_getTransactionCount
[2024/05/14 04:31:51.143] - eth_getBalance
[2024/05/14 04:31:51.161] - eth_getTransactionCount
[2024/05/14 04:31:51.173] - eth_getBalance
[2024/05/14 04:31:51.194] - eth_getTransactionCount
[2024/05/14 04:31:51.207] - eth_getBalance
[2024/05/14 04:31:51.216] - eth_getTransactionCount
[2024/05/14 04:31:51.230] - eth_getBalance
[2024/05/14 04:31:51.238] - eth_getTransactionCount
[2024/05/14 04:32:00.011] - web3_clientVersion
[2024/05/14 04:32:00.070] - eth_chainId
[2024/05/14 04:32:00.078] - eth_call
[2024/05/14 04:32:00.097] - eth_getCode
[2024/05/14 04:33:18.160] - web3_clientVersion
[2024/05/14 04:33:18.222] - eth_chainId
[2024/05/14 04:33:18.229] - eth_call
[2024/05/14 04:33:18.243] - eth_getCode
[2024/05/14 04:33:21.393] - web3_clientVersion
[2024/05/14 04:33:21.432] - eth_chainId
[2024/05/14 04:33:21.442] - eth_call
[2024/05/14 04:33:21.454] - eth_getCode
[2024/05/14 04:33:21.474] - eth_accounts
[2024/05/14 04:33:21.493] - eth_getBlockByNumber
[2024/05/14 04:33:21.500] - eth_chainId
[2024/05/14 04:33:21.517] - eth_chainId
[2024/05/14 04:33:21.527] - eth_estimateGas
[2024/05/14 04:33:21.545] - eth_blockNumber
[2024/05/14 04:33:21.550] - eth_getBlockByNumber
[2024/05/14 04:33:21.558] - eth_sendTransaction
[2024/05/14 04:33:21.571] - 
  Transaction: 0x5a232f003cdb470e43f0bc27b8df66d937d850e5d949ab29faa071460646d010
  Gas usage: 21064
  Block number: 24
  Block time: Tue May 14 2024 04:33:21 GMT+0530 (India Standard Time)

[2024/05/14 04:33:21.578] - eth_getBlockByNumber
[2024/05/14 04:33:21.600] - eth_getBalance
[2024/05/14 04:33:21.607] - eth_getTransactionCount
[2024/05/14 04:33:21.624] - eth_getBalance
[2024/05/14 04:33:21.632] - eth_getTransactionCount
[2024/05/14 04:33:21.654] - eth_getBalance
[2024/05/14 04:33:21.665] - eth_getTransactionCount
[2024/05/14 04:33:21.674] - eth_getBalance
[2024/05/14 04:33:21.685] - eth_getTransactionCount
[2024/05/14 04:33:21.700] - eth_getBalance
[2024/05/14 04:33:21.707] - eth_getTransactionCount
[2024/05/14 04:33:21.717] - eth_getBalance
[2024/05/14 04:33:21.729] - eth_getTransactionCount
[2024/05/14 04:33:21.738] - eth_getBalance
[2024/05/14 04:33:21.749] - eth_getTransactionCount
[2024/05/14 04:33:21.758] - eth_getBalance
[2024/05/14 04:33:21.782] - eth_getTransactionCount
[2024/05/14 04:33:21.794] - eth_getBalance
[2024/05/14 04:33:21.815] - eth_getTransactionCount
[2024/05/14 04:33:21.822] - eth_getBalance
[2024/05/14 04:33:21.833] - eth_getTransactionCount
[2024/05/14 04:33:27.936] - web3_clientVersion
[2024/05/14 04:33:27.970] - eth_chainId
[2024/05/14 04:33:27.980] - eth_call
[2024/05/14 04:33:27.992] - eth_getCode
[2024/05/14 04:33:28.014] - eth_accounts
[2024/05/14 04:33:28.027] - eth_getBlockByNumber
[2024/05/14 04:33:28.035] - eth_chainId
[2024/05/14 04:33:28.051] - eth_chainId
[2024/05/14 04:33:28.065] - eth_estimateGas
[2024/05/14 04:33:28.093] - eth_blockNumber
[2024/05/14 04:33:28.098] - eth_getBlockByNumber
[2024/05/14 04:33:28.107] - eth_sendTransaction
[2024/05/14 04:33:28.121] - 
  Transaction: 0x964750b3ce6cad56fa4d53ffb95d522fd3ad7a83a0246caa843644cfdf0c87c7
  Gas usage: 21064
  Block number: 25
  Block time: Tue May 14 2024 04:33:28 GMT+0530 (India Standard Time)

[2024/05/14 04:33:28.126] - eth_getBlockByNumber
[2024/05/14 04:33:28.153] - eth_getBalance
[2024/05/14 04:33:28.163] - eth_getTransactionCount
[2024/05/14 04:33:28.173] - eth_getBalance
[2024/05/14 04:33:28.184] - eth_getTransactionCount
[2024/05/14 04:33:28.196] - eth_getBalance
[2024/05/14 04:33:28.211] - eth_getTransactionCount
[2024/05/14 04:33:28.221] - eth_getBalance
[2024/05/14 04:33:28.230] - eth_getTransactionCount
[2024/05/14 04:33:28.244] - eth_getBalance
[2024/05/14 04:33:28.258] - eth_getTransactionCount
[2024/05/14 04:33:28.265] - eth_getBalance
[2024/05/14 04:33:28.276] - eth_getTransactionCount
[2024/05/14 04:33:28.291] - eth_getBalance
[2024/05/14 04:33:28.303] - eth_getTransactionCount
[2024/05/14 04:33:28.312] - eth_getBalance
[2024/05/14 04:33:28.328] - eth_getTransactionCount
[2024/05/14 04:33:28.338] - eth_getBalance
[2024/05/14 04:33:28.347] - eth_getTransactionCount
[2024/05/14 04:33:28.355] - eth_getBalance
[2024/05/14 04:33:28.364] - eth_getTransactionCount
[2024/05/14 04:34:21.189] - web3_clientVersion
[2024/05/14 04:34:21.222] - eth_chainId
[2024/05/14 04:34:21.230] - eth_call
[2024/05/14 04:34:21.242] - eth_getCode
[2024/05/14 04:34:23.005] - web3_clientVersion
[2024/05/14 04:34:23.049] - eth_chainId
[2024/05/14 04:34:23.061] - eth_call
[2024/05/14 04:34:23.073] - eth_getCode
[2024/05/14 04:34:23.100] - eth_accounts
[2024/05/14 04:34:23.112] - eth_getBlockByNumber
[2024/05/14 04:34:23.120] - eth_chainId
[2024/05/14 04:34:23.134] - eth_chainId
[2024/05/14 04:34:23.148] - eth_estimateGas
[2024/05/14 04:34:23.181] - eth_blockNumber
[2024/05/14 04:34:23.189] - eth_getBlockByNumber
[2024/05/14 04:34:23.196] - eth_sendTransaction
[2024/05/14 04:34:23.208] - 
  Transaction: 0x5e3d7c7ed8d1afa782be07ef97cb5bf323410f1800c220456197a23b01c7407b
  Gas usage: 21052
  Block number: 26
  Block time: Tue May 14 2024 04:34:23 GMT+0530 (India Standard Time)

[2024/05/14 04:34:23.214] - eth_getBlockByNumber
[2024/05/14 04:34:23.234] - eth_getBalance
[2024/05/14 04:34:23.247] - eth_getTransactionCount
[2024/05/14 04:34:23.257] - eth_getBalance
[2024/05/14 04:34:23.275] - eth_getTransactionCount
[2024/05/14 04:34:23.286] - eth_getBalance
[2024/05/14 04:34:23.299] - eth_getTransactionCount
[2024/05/14 04:34:23.311] - eth_getBalance
[2024/05/14 04:34:23.323] - eth_getTransactionCount
[2024/05/14 04:34:23.333] - eth_getBalance
[2024/05/14 04:34:23.343] - eth_getTransactionCount
[2024/05/14 04:34:23.354] - eth_getBalance
[2024/05/14 04:34:23.367] - eth_getTransactionCount
[2024/05/14 04:34:23.381] - eth_getBalance
[2024/05/14 04:34:23.392] - eth_getTransactionCount
[2024/05/14 04:34:23.399] - eth_getBalance
[2024/05/14 04:34:23.410] - eth_getTransactionCount
[2024/05/14 04:34:23.424] - eth_getBalance
[2024/05/14 04:34:23.433] - eth_getTransactionCount
[2024/05/14 04:34:23.444] - eth_getBalance
[2024/05/14 04:34:23.456] - eth_getTransactionCount
[2024/05/14 04:38:57.625] - web3_clientVersion
[2024/05/14 04:38:57.684] - eth_chainId
[2024/05/14 04:38:57.695] - eth_call
[2024/05/14 04:38:57.706] - eth_getCode
[2024/05/14 04:39:09.595] - web3_clientVersion
[2024/05/14 04:39:09.647] - eth_chainId
[2024/05/14 04:39:09.656] - eth_call
[2024/05/14 04:39:09.670] - eth_getCode
[2024/05/14 04:39:16.938] - web3_clientVersion
[2024/05/14 04:39:16.977] - eth_chainId
[2024/05/14 04:39:16.986] - eth_call
[2024/05/14 04:39:16.998] - eth_getCode
[2024/05/14 04:39:20.319] - web3_clientVersion
[2024/05/14 04:39:20.365] - eth_chainId
[2024/05/14 04:39:20.372] - eth_call
[2024/05/14 04:39:20.384] - eth_getCode
[2024/05/14 04:39:24.069] - web3_clientVersion
[2024/05/14 04:39:24.116] - eth_chainId
[2024/05/14 04:39:24.123] - eth_call
[2024/05/14 04:39:24.141] - eth_getCode
[2024/05/14 04:41:40.373] - web3_clientVersion
[2024/05/14 04:41:40.438] - eth_chainId
[2024/05/14 04:41:40.455] - eth_call
[2024/05/14 04:41:40.474] - eth_getCode
[2024/05/14 04:41:45.785] - web3_clientVersion
[2024/05/14 04:41:45.844] - eth_chainId
[2024/05/14 04:41:45.855] - eth_call
[2024/05/14 04:41:45.866] - eth_getCode
[2024/05/14 04:41:57.459] - web3_clientVersion
[2024/05/14 04:41:57.503] - eth_chainId
[2024/05/14 04:41:57.511] - eth_call
[2024/05/14 04:41:57.532] - eth_getCode
[2024/05/14 04:41:59.569] - web3_clientVersion
[2024/05/14 04:41:59.625] - eth_chainId
[2024/05/14 04:41:59.637] - eth_call
[2024/05/14 04:41:59.651] - eth_getCode
[2024/05/14 04:42:01.584] - web3_clientVersion
[2024/05/14 04:42:01.628] - eth_chainId
[2024/05/14 04:42:01.637] - eth_call
[2024/05/14 04:42:01.656] - eth_getCode
[2024/05/14 04:42:13.134] - web3_clientVersion
[2024/05/14 04:42:13.175] - eth_chainId
[2024/05/14 04:42:13.183] - eth_call
[2024/05/14 04:42:13.195] - eth_getCode
[2024/05/14 04:42:18.151] - web3_clientVersion
[2024/05/14 04:42:18.191] - eth_chainId
[2024/05/14 04:42:18.200] - eth_call
[2024/05/14 04:42:18.219] - eth_getCode
[2024/05/14 04:42:22.704] - web3_clientVersion
[2024/05/14 04:42:22.756] - eth_chainId
[2024/05/14 04:42:22.765] - eth_call
[2024/05/14 04:42:22.783] - eth_getCode
[2024/05/14 04:42:27.206] - web3_clientVersion
[2024/05/14 04:42:27.243] - eth_chainId
[2024/05/14 04:42:27.253] - eth_call
[2024/05/14 04:42:27.273] - eth_getCode
[2024/05/14 04:42:27.294] - eth_accounts
[2024/05/14 04:42:27.306] - eth_getBlockByNumber
[2024/05/14 04:42:27.315] - eth_chainId
[2024/05/14 04:42:27.329] - eth_chainId
[2024/05/14 04:42:27.341] - eth_estimateGas
[2024/05/14 04:42:27.360] - eth_blockNumber
[2024/05/14 04:42:27.366] - eth_getBlockByNumber
[2024/05/14 04:42:27.375] - eth_sendTransaction
[2024/05/14 04:42:27.387] - 
  Transaction: 0xec40e69c724487f583f6425b562c72bc1cca7b0f66faeba4344ccb9d1e5a6a8c
  Gas usage: 21888
  Block number: 27
  Block time: Tue May 14 2024 04:42:27 GMT+0530 (India Standard Time)

[2024/05/14 04:42:27.397] - eth_getBlockByNumber
[2024/05/14 04:42:27.416] - eth_getBalance
[2024/05/14 04:42:27.430] - eth_getTransactionCount
[2024/05/14 04:42:27.442] - eth_getBalance
[2024/05/14 04:42:27.454] - eth_getTransactionCount
[2024/05/14 04:42:27.465] - eth_getBalance
[2024/05/14 04:42:27.480] - eth_getTransactionCount
[2024/05/14 04:42:27.492] - eth_getBalance
[2024/05/14 04:42:27.504] - eth_getTransactionCount
[2024/05/14 04:42:27.513] - eth_getBalance
[2024/05/14 04:42:27.528] - eth_getTransactionCount
[2024/05/14 04:42:27.539] - eth_getBalance
[2024/05/14 04:42:27.548] - eth_getTransactionCount
[2024/05/14 04:42:27.557] - eth_getBalance
[2024/05/14 04:42:27.575] - eth_getTransactionCount
[2024/05/14 04:42:27.584] - eth_getBalance
[2024/05/14 04:42:27.599] - eth_getTransactionCount
[2024/05/14 04:42:27.610] - eth_getBalance
[2024/05/14 04:42:27.619] - eth_getTransactionCount
[2024/05/14 04:42:27.627] - eth_getBalance
[2024/05/14 04:42:27.634] - eth_getTransactionCount
[2024/05/14 04:42:35.850] - web3_clientVersion
[2024/05/14 04:42:35.905] - eth_chainId
[2024/05/14 04:42:35.912] - eth_call
[2024/05/14 04:42:35.925] - eth_getCode
[2024/05/14 04:42:37.098] - web3_clientVersion
[2024/05/14 04:42:37.142] - eth_chainId
[2024/05/14 04:42:37.149] - eth_call
[2024/05/14 04:42:37.167] - eth_getCode
[2024/05/14 04:42:37.183] - eth_accounts
[2024/05/14 04:42:37.200] - eth_getBlockByNumber
[2024/05/14 04:42:37.212] - eth_chainId
[2024/05/14 04:42:37.224] - eth_chainId
[2024/05/14 04:42:37.237] - eth_estimateGas
[2024/05/14 04:42:37.259] - eth_blockNumber
[2024/05/14 04:42:37.267] - eth_getBlockByNumber
[2024/05/14 04:42:37.273] - eth_sendTransaction
[2024/05/14 04:42:37.286] - 
  Transaction: 0x2cb8b3958e68da85e5b0a1b7b345839469bcdb05bb8ba2370b44becdc2d1b7d5
  Gas usage: 21888
  Block number: 28
  Block time: Tue May 14 2024 04:42:37 GMT+0530 (India Standard Time)

[2024/05/14 04:42:37.291] - eth_getBlockByNumber
[2024/05/14 04:42:37.308] - eth_getBalance
[2024/05/14 04:42:37.316] - eth_getTransactionCount
[2024/05/14 04:42:37.329] - eth_getBalance
[2024/05/14 04:42:37.341] - eth_getTransactionCount
[2024/05/14 04:42:37.352] - eth_getBalance
[2024/05/14 04:42:37.365] - eth_getTransactionCount
[2024/05/14 04:42:37.376] - eth_getBalance
[2024/05/14 04:42:37.392] - eth_getTransactionCount
[2024/05/14 04:42:37.408] - eth_getBalance
[2024/05/14 04:42:37.419] - eth_getTransactionCount
[2024/05/14 04:42:37.429] - eth_getBalance
[2024/05/14 04:42:37.443] - eth_getTransactionCount
[2024/05/14 04:42:37.458] - eth_getBalance
[2024/05/14 04:42:37.471] - eth_getTransactionCount
[2024/05/14 04:42:37.485] - eth_getBalance
[2024/05/14 04:42:37.504] - eth_getTransactionCount
[2024/05/14 04:42:37.515] - eth_getBalance
[2024/05/14 04:42:37.525] - eth_getTransactionCount
[2024/05/14 04:42:37.539] - eth_getBalance
[2024/05/14 04:42:37.547] - eth_getTransactionCount
[2024/05/14 04:42:43.901] - web3_clientVersion
[2024/05/14 04:42:43.939] - eth_chainId
[2024/05/14 04:42:43.948] - eth_call
[2024/05/14 04:42:43.964] - eth_getCode
[2024/05/14 04:42:44.121] - web3_clientVersion
[2024/05/14 04:42:44.169] - eth_chainId
[2024/05/14 04:42:44.180] - eth_call
[2024/05/14 04:42:44.194] - eth_getCode
[2024/05/14 04:42:44.212] - eth_accounts
[2024/05/14 04:42:44.230] - eth_getBlockByNumber
[2024/05/14 04:42:44.242] - eth_chainId
[2024/05/14 04:42:44.252] - eth_chainId
[2024/05/14 04:42:44.264] - eth_estimateGas
[2024/05/14 04:42:44.288] - eth_blockNumber
[2024/05/14 04:42:44.295] - eth_getBlockByNumber
[2024/05/14 04:42:44.303] - eth_sendTransaction
[2024/05/14 04:42:44.314] - 
  Transaction: 0xf3094a1f7982904e07cc3a10b01df57d7aa4154abf826599ac409708cbb3a385
  Gas usage: 21888
  Block number: 29
  Block time: Tue May 14 2024 04:42:44 GMT+0530 (India Standard Time)

[2024/05/14 04:42:44.324] - eth_getBlockByNumber
[2024/05/14 04:42:44.356] - eth_getBalance
[2024/05/14 04:42:44.365] - eth_getTransactionCount
[2024/05/14 04:42:44.382] - eth_getBalance
[2024/05/14 04:42:44.398] - eth_getTransactionCount
[2024/05/14 04:42:44.412] - eth_getBalance
[2024/05/14 04:42:44.425] - eth_getTransactionCount
[2024/05/14 04:42:44.433] - eth_getBalance
[2024/05/14 04:42:44.443] - eth_getTransactionCount
[2024/05/14 04:42:44.459] - eth_getBalance
[2024/05/14 04:42:44.469] - eth_getTransactionCount
[2024/05/14 04:42:44.477] - eth_getBalance
[2024/05/14 04:42:44.495] - eth_getTransactionCount
[2024/05/14 04:42:44.517] - eth_getBalance
[2024/05/14 04:42:44.532] - eth_getTransactionCount
[2024/05/14 04:42:44.542] - eth_getBalance
[2024/05/14 04:42:44.558] - eth_getTransactionCount
[2024/05/14 04:42:44.568] - eth_getBalance
[2024/05/14 04:42:44.577] - eth_getTransactionCount
[2024/05/14 04:42:44.588] - eth_getBalance
[2024/05/14 04:42:44.597] - eth_getTransactionCount
[2024/05/14 04:42:58.467] - web3_clientVersion
[2024/05/14 04:42:58.507] - eth_chainId
[2024/05/14 04:42:58.514] - eth_call
[2024/05/14 04:42:58.528] - eth_getCode
[2024/05/14 04:43:27.722] - web3_clientVersion
[2024/05/14 04:43:27.769] - eth_chainId
[2024/05/14 04:43:27.779] - eth_call
[2024/05/14 04:43:27.792] - eth_getCode
[2024/05/14 04:43:29.402] - web3_clientVersion
[2024/05/14 04:43:29.444] - eth_chainId
[2024/05/14 04:43:29.453] - eth_call
[2024/05/14 04:43:29.468] - eth_getCode
[2024/05/14 04:43:29.512] - eth_accounts
[2024/05/14 04:43:29.530] - eth_getBlockByNumber
[2024/05/14 04:43:29.538] - eth_chainId
[2024/05/14 04:43:29.549] - eth_chainId
[2024/05/14 04:43:29.558] - eth_estimateGas
[2024/05/14 04:43:29.585] - eth_blockNumber
[2024/05/14 04:43:29.590] - eth_getBlockByNumber
[2024/05/14 04:43:29.598] - eth_sendTransaction
[2024/05/14 04:43:29.609] - 
  Transaction: 0x5821c00dcbe1f611e5a747bb8258705dcca6cf54cdc0af713fce01b261aef8d5
  Gas usage: 21052
  Block number: 30
  Block time: Tue May 14 2024 04:43:29 GMT+0530 (India Standard Time)

[2024/05/14 04:43:29.614] - eth_getBlockByNumber
[2024/05/14 04:43:29.630] - eth_getBalance
[2024/05/14 04:43:29.639] - eth_getTransactionCount
[2024/05/14 04:43:29.658] - eth_getBalance
[2024/05/14 04:43:29.669] - eth_getTransactionCount
[2024/05/14 04:43:29.680] - eth_getBalance
[2024/05/14 04:43:29.691] - eth_getTransactionCount
[2024/05/14 04:43:29.703] - eth_getBalance
[2024/05/14 04:43:29.710] - eth_getTransactionCount
[2024/05/14 04:43:29.723] - eth_getBalance
[2024/05/14 04:43:29.742] - eth_getTransactionCount
[2024/05/14 04:43:29.754] - eth_getBalance
[2024/05/14 04:43:29.762] - eth_getTransactionCount
[2024/05/14 04:43:29.778] - eth_getBalance
[2024/05/14 04:43:29.791] - eth_getTransactionCount
[2024/05/14 04:43:29.799] - eth_getBalance
[2024/05/14 04:43:29.813] - eth_getTransactionCount
[2024/05/14 04:43:29.825] - eth_getBalance
[2024/05/14 04:43:29.836] - eth_getTransactionCount
[2024/05/14 04:43:29.846] - eth_getBalance
[2024/05/14 04:43:29.859] - eth_getTransactionCount
[2024/05/14 04:45:38.030] - web3_clientVersion
[2024/05/14 04:45:38.085] - eth_chainId
[2024/05/14 04:45:38.094] - eth_call
[2024/05/14 04:45:38.107] - eth_getCode
[2024/05/14 04:45:38.125] - eth_accounts
[2024/05/14 04:45:38.140] - eth_getBlockByNumber
[2024/05/14 04:45:38.147] - eth_chainId
[2024/05/14 04:45:38.169] - eth_chainId
[2024/05/14 04:45:38.181] - eth_estimateGas
[2024/05/14 04:45:38.204] - eth_blockNumber
[2024/05/14 04:45:38.211] - eth_getBlockByNumber
[2024/05/14 04:45:38.219] - eth_sendTransaction
[2024/05/14 04:45:38.231] - 
  Transaction: 0xfbc05e50df493c28b96206aa222f3e21bba8a492b0aa27fb3f3987ac82d6bb3d
  Gas usage: 21888
  Block number: 31
  Block time: Tue May 14 2024 04:45:38 GMT+0530 (India Standard Time)

[2024/05/14 04:45:38.236] - eth_getBlockByNumber
[2024/05/14 04:45:38.262] - eth_getBalance
[2024/05/14 04:45:38.271] - eth_getTransactionCount
[2024/05/14 04:45:38.284] - eth_getBalance
[2024/05/14 04:45:38.302] - eth_getTransactionCount
[2024/05/14 04:45:38.309] - eth_getBalance
[2024/05/14 04:45:38.320] - eth_getTransactionCount
[2024/05/14 04:45:38.335] - eth_getBalance
[2024/05/14 04:45:38.344] - eth_getTransactionCount
[2024/05/14 04:45:38.356] - eth_getBalance
[2024/05/14 04:45:38.369] - eth_getTransactionCount
[2024/05/14 04:45:38.380] - eth_getBalance
[2024/05/14 04:45:38.396] - eth_getTransactionCount
[2024/05/14 04:45:38.409] - eth_getBalance
[2024/05/14 04:45:38.421] - eth_getTransactionCount
[2024/05/14 04:45:38.441] - eth_getBalance
[2024/05/14 04:45:38.453] - eth_getTransactionCount
[2024/05/14 04:45:38.460] - eth_getBalance
[2024/05/14 04:45:38.470] - eth_getTransactionCount
[2024/05/14 04:45:38.489] - eth_getBalance
[2024/05/14 04:45:38.499] - eth_getTransactionCount
[2024/05/14 04:48:02.997] - web3_clientVersion
[2024/05/14 04:48:03.051] - eth_chainId
[2024/05/14 04:48:03.061] - eth_call
[2024/05/14 04:48:03.078] - eth_getCode
[2024/05/14 04:48:03.102] - eth_accounts
[2024/05/14 04:48:03.114] - eth_getBlockByNumber
[2024/05/14 04:48:03.125] - eth_chainId
[2024/05/14 04:48:03.143] - eth_chainId
[2024/05/14 04:48:03.155] - eth_estimateGas
[2024/05/14 04:48:03.181] - eth_blockNumber
[2024/05/14 04:48:03.186] - eth_getBlockByNumber
[2024/05/14 04:48:03.194] - eth_sendTransaction
[2024/05/14 04:48:03.210] - 
  Transaction: 0xafc5eab817d17f07dc052a92d010dddb56a809248afe0e1ec4446e63f3b0cf5d
  Gas usage: 21064
  Block number: 32
  Block time: Tue May 14 2024 04:48:03 GMT+0530 (India Standard Time)

[2024/05/14 04:48:03.215] - eth_getBlockByNumber
[2024/05/14 04:48:03.238] - eth_getBalance
[2024/05/14 04:48:03.254] - eth_getTransactionCount
[2024/05/14 04:48:03.264] - eth_getBalance
[2024/05/14 04:48:03.272] - eth_getTransactionCount
[2024/05/14 04:48:03.286] - eth_getBalance
[2024/05/14 04:48:03.297] - eth_getTransactionCount
[2024/05/14 04:48:03.304] - eth_getBalance
[2024/05/14 04:48:03.314] - eth_getTransactionCount
[2024/05/14 04:48:03.328] - eth_getBalance
[2024/05/14 04:48:03.345] - eth_getTransactionCount
[2024/05/14 04:48:03.358] - eth_getBalance
[2024/05/14 04:48:03.384] - eth_getTransactionCount
[2024/05/14 04:48:03.397] - eth_getBalance
[2024/05/14 04:48:03.422] - eth_getTransactionCount
[2024/05/14 04:48:03.444] - eth_getBalance
[2024/05/14 04:48:03.455] - eth_getTransactionCount
[2024/05/14 04:48:03.466] - eth_getBalance
[2024/05/14 04:48:03.476] - eth_getTransactionCount
[2024/05/14 04:48:03.486] - eth_getBalance
[2024/05/14 04:48:03.496] - eth_getTransactionCount
[2024/05/14 04:48:16.398] - web3_clientVersion
[2024/05/14 04:48:16.443] - eth_chainId
[2024/05/14 04:48:16.452] - eth_call
[2024/05/14 04:48:16.464] - eth_getCode
[2024/05/14 04:48:20.980] - web3_clientVersion
[2024/05/14 04:48:21.024] - eth_chainId
[2024/05/14 04:48:21.031] - eth_call
[2024/05/14 04:48:21.045] - eth_getCode
[2024/05/14 04:48:21.060] - eth_accounts
[2024/05/14 04:48:21.077] - eth_getBlockByNumber
[2024/05/14 04:48:21.085] - eth_chainId
[2024/05/14 04:48:21.097] - eth_chainId
[2024/05/14 04:48:21.105] - eth_estimateGas
[2024/05/14 04:48:21.134] - eth_blockNumber
[2024/05/14 04:48:21.141] - eth_getBlockByNumber
[2024/05/14 04:48:21.148] - eth_sendTransaction
[2024/05/14 04:48:21.160] - 
  Transaction: 0x10491d6402a4c84d5fd6da4df89834aea0a5fec8d8648c561975756a1eb8e352
  Gas usage: 21064
  Block number: 33
  Block time: Tue May 14 2024 04:48:21 GMT+0530 (India Standard Time)

[2024/05/14 04:48:21.166] - eth_getBlockByNumber
[2024/05/14 04:48:21.185] - eth_getBalance
[2024/05/14 04:48:21.196] - eth_getTransactionCount
[2024/05/14 04:48:21.203] - eth_getBalance
[2024/05/14 04:48:21.215] - eth_getTransactionCount
[2024/05/14 04:48:21.226] - eth_getBalance
[2024/05/14 04:48:21.239] - eth_getTransactionCount
[2024/05/14 04:48:21.248] - eth_getBalance
[2024/05/14 04:48:21.256] - eth_getTransactionCount
[2024/05/14 04:48:21.271] - eth_getBalance
[2024/05/14 04:48:21.284] - eth_getTransactionCount
[2024/05/14 04:48:21.300] - eth_getBalance
[2024/05/14 04:48:21.313] - eth_getTransactionCount
[2024/05/14 04:48:21.324] - eth_getBalance
[2024/05/14 04:48:21.344] - eth_getTransactionCount
[2024/05/14 04:48:21.355] - eth_getBalance
[2024/05/14 04:48:21.374] - eth_getTransactionCount
[2024/05/14 04:48:21.388] - eth_getBalance
[2024/05/14 04:48:21.399] - eth_getTransactionCount
[2024/05/14 04:48:21.408] - eth_getBalance
[2024/05/14 04:48:21.415] - eth_getTransactionCount
[2024/05/14 04:49:21.664] - web3_clientVersion
[2024/05/14 04:49:21.706] - eth_chainId
[2024/05/14 04:49:21.713] - eth_call
[2024/05/14 04:49:21.727] - eth_getCode
[2024/05/14 04:49:21.747] - eth_accounts
[2024/05/14 04:49:21.760] - eth_getBlockByNumber
[2024/05/14 04:49:21.771] - eth_chainId
[2024/05/14 04:49:21.786] - eth_chainId
[2024/05/14 04:49:21.801] - eth_estimateGas
[2024/05/14 04:49:21.824] - eth_blockNumber
[2024/05/14 04:49:21.830] - eth_getBlockByNumber
[2024/05/14 04:49:21.840] - eth_sendTransaction
[2024/05/14 04:49:21.858] - 
  Transaction: 0x4a2ed95fc4f5925aa193ecf81bbd55ed8e8e5d6cc8f932ccc1d81cb53b609de1
  Gas usage: 21052
  Block number: 34
  Block time: Tue May 14 2024 04:49:21 GMT+0530 (India Standard Time)

[2024/05/14 04:49:21.866] - eth_getBlockByNumber
[2024/05/14 04:49:21.890] - eth_getBalance
[2024/05/14 04:49:21.897] - eth_getTransactionCount
[2024/05/14 04:49:21.912] - eth_getBalance
[2024/05/14 04:49:21.924] - eth_getTransactionCount
[2024/05/14 04:49:21.934] - eth_getBalance
[2024/05/14 04:49:21.948] - eth_getTransactionCount
[2024/05/14 04:49:21.959] - eth_getBalance
[2024/05/14 04:49:21.968] - eth_getTransactionCount
[2024/05/14 04:49:21.978] - eth_getBalance
[2024/05/14 04:49:21.988] - eth_getTransactionCount
[2024/05/14 04:49:22.002] - eth_getBalance
[2024/05/14 04:49:22.014] - eth_getTransactionCount
[2024/05/14 04:49:22.030] - eth_getBalance
[2024/05/14 04:49:22.040] - eth_getTransactionCount
[2024/05/14 04:49:22.061] - eth_getBalance
[2024/05/14 04:49:22.075] - eth_getTransactionCount
[2024/05/14 04:49:22.088] - eth_getBalance
[2024/05/14 04:49:22.096] - eth_getTransactionCount
[2024/05/14 04:49:22.107] - eth_getBalance
[2024/05/14 04:49:22.116] - eth_getTransactionCount
[2024/05/14 04:52:55.016] - web3_clientVersion
[2024/05/14 04:52:55.055] - eth_chainId
[2024/05/14 04:52:55.063] - eth_call
[2024/05/14 04:52:55.075] - eth_getCode
[2024/05/14 04:52:55.100] - eth_accounts
[2024/05/14 04:52:55.115] - eth_getBlockByNumber
[2024/05/14 04:52:55.126] - eth_chainId
[2024/05/14 04:52:55.141] - eth_chainId
[2024/05/14 04:52:55.148] - eth_estimateGas
[2024/05/14 04:52:55.181] - eth_blockNumber
[2024/05/14 04:52:55.187] - eth_getBlockByNumber
[2024/05/14 04:52:55.197] - eth_sendTransaction
[2024/05/14 04:52:55.208] - 
  Transaction: 0x505ac1f6343b7b750788b9338ece43b72fdb0bc85637f2fa51625a01832bebab
  Gas usage: 21064
  Block number: 35
  Block time: Tue May 14 2024 04:52:55 GMT+0530 (India Standard Time)

[2024/05/14 04:52:55.212] - eth_getBlockByNumber
[2024/05/14 04:52:55.232] - eth_getBalance
[2024/05/14 04:52:55.246] - eth_getTransactionCount
[2024/05/14 04:52:55.261] - eth_getBalance
[2024/05/14 04:52:55.273] - eth_getTransactionCount
[2024/05/14 04:52:55.288] - eth_getBalance
[2024/05/14 04:52:55.304] - eth_getTransactionCount
[2024/05/14 04:52:55.313] - eth_getBalance
[2024/05/14 04:52:55.324] - eth_getTransactionCount
[2024/05/14 04:52:55.338] - eth_getBalance
[2024/05/14 04:52:55.352] - eth_getTransactionCount
[2024/05/14 04:52:55.366] - eth_getBalance
[2024/05/14 04:52:55.385] - eth_getTransactionCount
[2024/05/14 04:52:55.398] - eth_getBalance
[2024/05/14 04:52:55.410] - eth_getTransactionCount
[2024/05/14 04:52:55.424] - eth_getBalance
[2024/05/14 04:52:55.435] - eth_getTransactionCount
[2024/05/14 04:52:55.446] - eth_getBalance
[2024/05/14 04:52:55.458] - eth_getTransactionCount
[2024/05/14 04:52:55.469] - eth_getBalance
[2024/05/14 04:52:55.478] - eth_getTransactionCount
[2024/05/14 04:52:56.874] - web3_clientVersion
[2024/05/14 04:52:56.915] - eth_chainId
[2024/05/14 04:52:56.928] - eth_call
[2024/05/14 04:52:56.946] - eth_getCode
[2024/05/14 04:52:56.972] - eth_accounts
[2024/05/14 04:52:56.992] - eth_getBlockByNumber
[2024/05/14 04:52:57.003] - eth_chainId
[2024/05/14 04:52:57.017] - eth_chainId
[2024/05/14 04:52:57.026] - eth_estimateGas
[2024/05/14 04:52:57.045] - eth_blockNumber
[2024/05/14 04:52:57.053] - eth_getBlockByNumber
[2024/05/14 04:52:57.063] - eth_sendTransaction
[2024/05/14 04:52:57.076] - 
  Transaction: 0x39027d91f0da619d7ff925cfe3a6a1922bfd762198e456cfe84f1f882d334af5
  Gas usage: 21064
  Block number: 36
  Block time: Tue May 14 2024 04:52:57 GMT+0530 (India Standard Time)

[2024/05/14 04:52:57.082] - eth_getBlockByNumber
[2024/05/14 04:52:57.112] - eth_getBalance
[2024/05/14 04:52:57.122] - eth_getTransactionCount
[2024/05/14 04:52:57.136] - eth_getBalance
[2024/05/14 04:52:57.145] - eth_getTransactionCount
[2024/05/14 04:52:57.156] - eth_getBalance
[2024/05/14 04:52:57.165] - eth_getTransactionCount
[2024/05/14 04:52:57.175] - eth_getBalance
[2024/05/14 04:52:57.189] - eth_getTransactionCount
[2024/05/14 04:52:57.200] - eth_getBalance
[2024/05/14 04:52:57.216] - eth_getTransactionCount
[2024/05/14 04:52:57.225] - eth_getBalance
[2024/05/14 04:52:57.233] - eth_getTransactionCount
[2024/05/14 04:52:57.250] - eth_getBalance
[2024/05/14 04:52:57.261] - eth_getTransactionCount
[2024/05/14 04:52:57.273] - eth_getBalance
[2024/05/14 04:52:57.281] - eth_getTransactionCount
[2024/05/14 04:52:57.308] - eth_getBalance
[2024/05/14 04:52:57.321] - eth_getTransactionCount
[2024/05/14 04:52:57.332] - eth_getBalance
[2024/05/14 04:52:57.340] - eth_getTransactionCount
[2024/05/14 04:53:44.581] - web3_clientVersion
[2024/05/14 04:53:44.625] - eth_chainId
[2024/05/14 04:53:44.633] - eth_call
[2024/05/14 04:53:44.647] - eth_getCode
[2024/05/14 04:53:44.671] - eth_accounts
[2024/05/14 04:53:44.683] - eth_getBlockByNumber
[2024/05/14 04:53:44.696] - eth_chainId
[2024/05/14 04:53:44.715] - eth_chainId
[2024/05/14 04:53:44.731] - eth_estimateGas
[2024/05/14 04:53:44.762] - eth_blockNumber
[2024/05/14 04:53:44.774] - eth_getBlockByNumber
[2024/05/14 04:53:44.784] - eth_sendTransaction
[2024/05/14 04:53:44.795] - 
  Transaction: 0xcc239449e61db45bdd0ca6ca8eec95df464431636a06dfe06294ae19bc204604
  Gas usage: 21052
  Block number: 37
  Block time: Tue May 14 2024 04:53:44 GMT+0530 (India Standard Time)

[2024/05/14 04:53:44.809] - eth_getBlockByNumber
[2024/05/14 04:53:44.852] - eth_getBalance
[2024/05/14 04:53:44.859] - eth_getTransactionCount
[2024/05/14 04:53:44.871] - eth_getBalance
[2024/05/14 04:53:44.880] - eth_getTransactionCount
[2024/05/14 04:53:44.890] - eth_getBalance
[2024/05/14 04:53:44.897] - eth_getTransactionCount
[2024/05/14 04:53:44.908] - eth_getBalance
[2024/05/14 04:53:44.920] - eth_getTransactionCount
[2024/05/14 04:53:44.929] - eth_getBalance
[2024/05/14 04:53:44.942] - eth_getTransactionCount
[2024/05/14 04:53:44.953] - eth_getBalance
[2024/05/14 04:53:44.962] - eth_getTransactionCount
[2024/05/14 04:53:44.979] - eth_getBalance
[2024/05/14 04:53:44.990] - eth_getTransactionCount
[2024/05/14 04:53:45.014] - eth_getBalance
[2024/05/14 04:53:45.029] - eth_getTransactionCount
[2024/05/14 04:53:45.037] - eth_getBalance
[2024/05/14 04:53:45.047] - eth_getTransactionCount
[2024/05/14 04:53:45.059] - eth_getBalance
[2024/05/14 04:53:45.070] - eth_getTransactionCount
[2024/05/14 05:52:46.202] - web3_clientVersion
[2024/05/14 05:52:46.302] - eth_chainId
[2024/05/14 05:52:46.318] - eth_call
[2024/05/14 05:52:46.351] - eth_getCode
[2024/05/14 05:52:46.390] - eth_accounts
[2024/05/14 05:52:46.409] - eth_getBlockByNumber
[2024/05/14 05:52:46.422] - eth_chainId
[2024/05/14 05:52:46.444] - eth_chainId
[2024/05/14 05:52:46.456] - eth_estimateGas
[2024/05/14 05:52:46.493] - eth_blockNumber
[2024/05/14 05:52:46.501] - eth_getBlockByNumber
[2024/05/14 05:52:46.511] - eth_sendTransaction
[2024/05/14 05:52:46.525] - 
  Transaction: 0x38a2d0523612eb214dca78c06cc18692e5d3cb87af2d6769b438796ef7192215
  Gas usage: 21064
  Block number: 38
  Block time: Tue May 14 2024 05:52:46 GMT+0530 (India Standard Time)

[2024/05/14 05:52:46.557] - eth_getBlockByNumber
[2024/05/14 05:52:46.600] - eth_getBalance
[2024/05/14 05:52:46.621] - eth_getTransactionCount
[2024/05/14 05:52:46.634] - eth_getBalance
[2024/05/14 05:52:46.647] - eth_getTransactionCount
[2024/05/14 05:52:46.662] - eth_getBalance
[2024/05/14 05:52:46.673] - eth_getTransactionCount
[2024/05/14 05:52:46.688] - eth_getBalance
[2024/05/14 05:52:46.700] - eth_getTransactionCount
[2024/05/14 05:52:46.715] - eth_getBalance
[2024/05/14 05:52:46.728] - eth_getTransactionCount
[2024/05/14 05:52:46.739] - eth_getBalance
[2024/05/14 05:52:46.754] - eth_getTransactionCount
[2024/05/14 05:52:46.770] - eth_getBalance
[2024/05/14 05:52:46.782] - eth_getTransactionCount
[2024/05/14 05:52:46.797] - eth_getBalance
[2024/05/14 05:52:46.813] - eth_getTransactionCount
[2024/05/14 05:52:46.827] - eth_getBalance
[2024/05/14 05:52:46.838] - eth_getTransactionCount
[2024/05/14 05:52:46.859] - eth_getBalance
[2024/05/14 05:52:46.869] - eth_getTransactionCount
[2024/05/14 05:57:08.307] - web3_clientVersion
[2024/05/14 05:57:08.362] - eth_chainId
[2024/05/14 05:57:08.376] - eth_call
[2024/05/14 05:57:08.401] - eth_getCode
[2024/05/14 05:57:25.027] - web3_clientVersion
[2024/05/14 05:57:25.073] - eth_chainId
[2024/05/14 05:57:25.085] - eth_call
[2024/05/14 05:57:25.104] - eth_getCode
